2025-03-20 10:50:12,798 - WARNING - Using hardcoded API keys. Consider using environment variables for security.
2025-03-20 10:50:12,993 - INFO - API keys validated successfully
2025-03-20 10:50:13,115 - INFO - Changed leverage to 125x for ETHUSDT
2025-03-20 10:50:30,242 - INFO - Entering LONG position with limit order at 125x leverage...
2025-03-20 10:50:30,466 - ERROR - Error placing order (code -1111): Precision is over the maximum defined for this asset.
2025-03-20 10:50:30,467 - ERROR - Order details: BUY LIMIT 0.10683855673194181 ETHUSDT reduce_only=False
2025-03-20 10:50:30,467 - ERROR - Failed to place order (attempt 1/5)
2025-03-20 10:50:32,103 - ERROR - Error placing order (code -1111): Precision is over the maximum defined for this asset.
2025-03-20 10:50:32,103 - ERROR - Order details: BUY LIMIT 0.10683855673194181 ETHUSDT reduce_only=False
2025-03-20 10:50:32,103 - ERROR - Failed to place order (attempt 2/5)
2025-03-20 10:50:33,737 - ERROR - Error placing order (code -1111): Precision is over the maximum defined for this asset.
2025-03-20 10:50:33,738 - ERROR - Order details: BUY LIMIT 0.10683855673194181 ETHUSDT reduce_only=False
2025-03-20 10:50:33,738 - ERROR - Failed to place order (attempt 3/5)
2025-03-20 10:50:35,370 - ERROR - Error placing order (code -1111): Precision is over the maximum defined for this asset.
2025-03-20 10:50:35,370 - ERROR - Order details: BUY LIMIT 0.10683855673194181 ETHUSDT reduce_only=False
2025-03-20 10:50:35,371 - ERROR - Failed to place order (attempt 4/5)
2025-03-20 10:50:37,006 - ERROR - Error placing order (code -1111): Precision is over the maximum defined for this asset.
2025-03-20 10:50:37,006 - ERROR - Order details: BUY LIMIT 0.10683855673194181 ETHUSDT reduce_only=False
2025-03-20 10:50:37,006 - ERROR - Failed to place order (attempt 5/5)
2025-03-20 10:50:38,506 - ERROR - Aborting after 5 consecutive errors: Order placement failed
2025-03-20 10:51:57,715 - WARNING - Using hardcoded API keys. Consider using environment variables for security.
2025-03-20 10:51:57,915 - INFO - API keys validated successfully
2025-03-20 10:51:58,022 - INFO - Changed leverage to 125x for ETHUSDT
2025-03-20 10:51:59,572 - INFO - Entering LONG position with limit order at 125x leverage...
2025-03-20 10:51:59,788 - INFO - Placed BUY LIMIT order for 0.106 at 1984.75
2025-03-20 10:51:59,788 - INFO - Placed BUY limit order for 0.1068207929210228 at 1984.75: 8389765862009226834
2025-03-20 10:52:00,862 - INFO - Order fully filled! BUY at 1984.75 for 0.106 (0.106/0.1068207929210228)
2025-03-20 10:52:03,157 - INFO - Found existing BUY position of 0.106 ETHUSDT
2025-03-20 10:52:08,226 - INFO - Found existing BUY position of 0.106 ETHUSDT
2025-03-20 10:52:10,241 - INFO - Terminating BUY position with limit order...
2025-03-20 10:52:10,309 - INFO - Found existing position of 0.106 ETHUSDT
2025-03-20 10:52:10,445 - INFO - Cancelled all open orders for ETHUSDT
2025-03-20 10:52:10,586 - INFO - Placed SELL LIMIT order for 0.106 at 1983.25
2025-03-20 10:52:10,586 - INFO - Placed SELL limit order for 0.106 at 1983.25: 8389765862009335134
2025-03-20 10:52:11,653 - INFO - Order fully filled! SELL at 1983.25 for 0.106 (0.106/0.106)
2025-03-20 10:55:34,827 - WARNING - Using hardcoded API keys. Consider using environment variables for security.
2025-03-20 10:55:35,021 - INFO - API keys validated successfully
2025-03-20 10:55:35,156 - INFO - Changed leverage to 125x for ETHUSDT
2025-03-20 10:55:46,717 - INFO - Entering SHORT position with limit order at 125x leverage...
2025-03-20 10:55:46,959 - INFO - Placed SELL LIMIT order for 0.083 at 1985.28
2025-03-20 10:55:46,959 - INFO - Placed SELL limit order for 0.0835396360966715 at 1985.28: 8389765862010861799
2025-03-20 10:55:48,681 - INFO - Cancelled order 8389765862010861799 for ETHUSDT
2025-03-20 10:55:48,682 - INFO - Cancelled previous order: 8389765862010861799
2025-03-20 10:55:48,823 - INFO - Placed SELL LIMIT order for 0.083 at 1985.21
2025-03-20 10:55:48,823 - INFO - Placed SELL limit order for 0.0835396360966715 at 1985.21: 8389765862010870619
2025-03-20 10:55:50,530 - INFO - Cancelled order 8389765862010870619 for ETHUSDT
2025-03-20 10:55:50,530 - INFO - Cancelled previous order: 8389765862010870619
2025-03-20 10:55:50,675 - INFO - Placed SELL LIMIT order for 0.083 at 1985.18
2025-03-20 10:55:50,675 - INFO - Placed SELL limit order for 0.0835396360966715 at 1985.18: 8389765862010911959
2025-03-20 10:55:52,388 - INFO - Cancelled order 8389765862010911959 for ETHUSDT
2025-03-20 10:55:52,388 - INFO - Cancelled previous order: 8389765862010911959
2025-03-20 10:55:52,527 - INFO - Placed SELL LIMIT order for 0.083 at 1985.26
2025-03-20 10:55:52,528 - INFO - Placed SELL limit order for 0.0835396360966715 at 1985.26: 8389765862010941686
2025-03-20 10:55:54,247 - INFO - Cancelled order 8389765862010941686 for ETHUSDT
2025-03-20 10:55:54,247 - INFO - Cancelled previous order: 8389765862010941686
2025-03-20 10:55:54,394 - INFO - Placed SELL LIMIT order for 0.083 at 1984.82
2025-03-20 10:55:54,394 - INFO - Placed SELL limit order for 0.0835396360966715 at 1984.82: 8389765862010973821
2025-03-20 10:55:56,109 - INFO - Cancelled order 8389765862010973821 for ETHUSDT
2025-03-20 10:55:56,109 - INFO - Cancelled previous order: 8389765862010973821
2025-03-20 10:55:56,252 - INFO - Placed SELL LIMIT order for 0.083 at 1984.9
2025-03-20 10:55:56,252 - INFO - Placed SELL limit order for 0.0835396360966715 at 1984.9: 8389765862011000622
2025-03-20 10:55:57,961 - INFO - Cancelled order 8389765862011000622 for ETHUSDT
2025-03-20 10:55:57,961 - INFO - Cancelled previous order: 8389765862011000622
2025-03-20 10:55:58,110 - INFO - Placed SELL LIMIT order for 0.083 at 1984.9
2025-03-20 10:55:58,110 - INFO - Placed SELL limit order for 0.0835396360966715 at 1984.9: 8389765862011007768
2025-03-20 10:55:59,816 - INFO - Cancelled order 8389765862011007768 for ETHUSDT
2025-03-20 10:55:59,816 - INFO - Cancelled previous order: 8389765862011007768
2025-03-20 10:55:59,956 - INFO - Placed SELL LIMIT order for 0.083 at 1985.09
2025-03-20 10:55:59,956 - INFO - Placed SELL limit order for 0.0835396360966715 at 1985.09: 8389765862011015865
2025-03-20 10:56:01,662 - INFO - Cancelled order 8389765862011015865 for ETHUSDT
2025-03-20 10:56:01,662 - INFO - Cancelled previous order: 8389765862011015865
2025-03-20 10:56:01,804 - INFO - Placed SELL LIMIT order for 0.083 at 1984.99
2025-03-20 10:56:01,804 - INFO - Placed SELL limit order for 0.0835396360966715 at 1984.99: 8389765862011045987
2025-03-20 10:56:03,370 - INFO - Time limit of 15 seconds passed without filling. Cancelling.
2025-03-20 10:57:38,977 - WARNING - Using hardcoded API keys. Consider using environment variables for security.
2025-03-20 10:57:39,551 - INFO - API keys validated successfully
2025-03-20 10:57:39,666 - INFO - Changed leverage to 125x for ETHUSDT
2025-03-20 10:57:43,891 - INFO - Entering LONG position with limit order at 125x leverage...
2025-03-20 10:57:44,107 - ERROR - Error placing order (code -5022): Due to the order could not be executed as maker, the Post Only order will be rejected. The order will not be recorded in the order history
2025-03-20 10:57:44,107 - ERROR - Order details: BUY LIMIT 0.083 ETHUSDT reduce_only=False
2025-03-20 10:57:44,107 - ERROR - Failed to place order (attempt 1/5)
2025-03-20 10:57:45,743 - ERROR - Error placing order (code -2019): Margin is insufficient.
2025-03-20 10:57:45,744 - ERROR - Order details: BUY LIMIT 0.083 ETHUSDT reduce_only=False
2025-03-20 10:57:45,744 - ERROR - Failed to place order (attempt 2/5)
2025-03-20 10:57:47,389 - ERROR - Error placing order (code -5022): Due to the order could not be executed as maker, the Post Only order will be rejected. The order will not be recorded in the order history
2025-03-20 10:57:47,389 - ERROR - Order details: BUY LIMIT 0.083 ETHUSDT reduce_only=False
2025-03-20 10:57:47,389 - ERROR - Failed to place order (attempt 3/5)
2025-03-20 10:57:49,036 - ERROR - Error placing order (code -5022): Due to the order could not be executed as maker, the Post Only order will be rejected. The order will not be recorded in the order history
2025-03-20 10:57:49,036 - ERROR - Order details: BUY LIMIT 0.083 ETHUSDT reduce_only=False
2025-03-20 10:57:49,036 - ERROR - Failed to place order (attempt 4/5)
2025-03-20 10:57:50,678 - ERROR - Error placing order (code -5022): Due to the order could not be executed as maker, the Post Only order will be rejected. The order will not be recorded in the order history
2025-03-20 10:57:50,678 - ERROR - Order details: BUY LIMIT 0.083 ETHUSDT reduce_only=False
2025-03-20 10:57:50,678 - ERROR - Failed to place order (attempt 5/5)
