

Monitor started at: 2025-06-11 13:56:17 CST
[2025-06-11 13:56:17 CST] Check #1 - Total available: 0, active status: 0
  2025-06-11 下午 (今天) - Available: 0, Status: 2 - （锦江）耳鼻喉眩晕专科 - 锦江院区
  2025-06-12 下午 (明天) - Available: 0, Status: 2 - 耳鼻喉眩晕专科 - 华西坝院区
  2025-06-17 上午 (6天后) - Available: 0, Status: 2 - 耳鼻喉眩晕专科 - 华西坝院区
  2025-06-17 下午 (6天后) - Available: 0, Status: 2 - 耳鼻喉眩晕专科 - 华西坝院区
  2025-06-18 下午 (7天后) - Available: 0, Status: 2 - （锦江）耳鼻喉眩晕专科 - 锦江院区
[2025-06-11 13:56:37 CST] Check #2 - Total available: 0, active status: 0
  2025-06-11 下午 (今天) - Available: 0, Status: 2 - （锦江）耳鼻喉眩晕专科 - 锦江院区
  2025-06-12 下午 (明天) - Available: 0, Status: 2 - 耳鼻喉眩晕专科 - 华西坝院区
  2025-06-17 上午 (6天后) - Available: 0, Status: 2 - 耳鼻喉眩晕专科 - 华西坝院区
  2025-06-17 下午 (6天后) - Available: 0, Status: 2 - 耳鼻喉眩晕专科 - 华西坝院区
  2025-06-18 下午 (7天后) - Available: 0, Status: 2 - （锦江）耳鼻喉眩晕专科 - 锦江院区
[2025-06-11 13:56:59 CST] Check #3 - Total available: 0, active status: 0
  2025-06-11 下午 (今天) - Available: 0, Status: 2 - （锦江）耳鼻喉眩晕专科 - 锦江院区
  2025-06-12 下午 (明天) - Available: 0, Status: 2 - 耳鼻喉眩晕专科 - 华西坝院区
  2025-06-17 上午 (6天后) - Available: 0, Status: 2 - 耳鼻喉眩晕专科 - 华西坝院区
  2025-06-17 下午 (6天后) - Available: 0, Status: 2 - 耳鼻喉眩晕专科 - 华西坝院区
  2025-06-18 下午 (7天后) - Available: 0, Status: 2 - （锦江）耳鼻喉眩晕专科 - 锦江院区
[2025-06-11 13:57:23 CST] Check #4 - Total available: 0, active status: 0
  2025-06-11 下午 (今天) - Available: 0, Status: 2 - （锦江）耳鼻喉眩晕专科 - 锦江院区
  2025-06-12 下午 (明天) - Available: 0, Status: 2 - 耳鼻喉眩晕专科 - 华西坝院区
  2025-06-17 上午 (6天后) - Available: 0, Status: 2 - 耳鼻喉眩晕专科 - 华西坝院区
  2025-06-17 下午 (6天后) - Available: 0, Status: 2 - 耳鼻喉眩晕专科 - 华西坝院区
  2025-06-18 下午 (7天后) - Available: 0, Status: 2 - （锦江）耳鼻喉眩晕专科 - 锦江院区
[2025-06-11 13:57:48 CST] Check #5 - Total available: 0, active status: 0
  2025-06-11 下午 (今天) - Available: 0, Status: 2 - （锦江）耳鼻喉眩晕专科 - 锦江院区
  2025-06-12 下午 (明天) - Available: 0, Status: 2 - 耳鼻喉眩晕专科 - 华西坝院区
  2025-06-17 上午 (6天后) - Available: 0, Status: 2 - 耳鼻喉眩晕专科 - 华西坝院区
  2025-06-17 下午 (6天后) - Available: 0, Status: 2 - 耳鼻喉眩晕专科 - 华西坝院区
  2025-06-18 下午 (7天后) - Available: 0, Status: 2 - （锦江）耳鼻喉眩晕专科 - 锦江院区
