Fri Aug 30 09:57:36 AM WIB 2024: Data download succeeded
Fri Aug 30 10:07:48 AM WIB 2024: Data download succeeded
Fri Aug 30 10:18:00 AM WIB 2024: Data download succeeded
Fri Aug 30 10:28:12 AM WIB 2024: Data download succeeded
Fri Aug 30 10:38:24 AM WIB 2024: Data download succeeded
Fri Aug 30 10:48:36 AM WIB 2024: Data download succeeded
Fri Aug 30 10:58:47 AM WIB 2024: Data download succeeded
Fri Aug 30 11:08:59 AM WIB 2024: Data download succeeded
Fri Aug 30 11:19:11 AM WIB 2024: Data download succeeded
Fri Aug 30 11:29:23 AM WIB 2024: Data download succeeded
Fri Aug 30 11:39:35 AM WIB 2024: Data download succeeded
Fri Aug 30 11:49:47 AM WIB 2024: Data download succeeded
Fri Aug 30 11:59:59 AM WIB 2024: Data download succeeded
Fri Aug 30 12:10:11 PM WIB 2024: Data download succeeded
Fri Aug 30 12:20:23 PM WIB 2024: Data download succeeded
Fri Aug 30 12:30:35 PM WIB 2024: Data download succeeded
Fri Aug 30 12:40:47 PM WIB 2024: Data download succeeded
Fri Aug 30 12:50:59 PM WIB 2024: Data download succeeded
Fri Aug 30 01:01:11 PM WIB 2024: Data download succeeded
Fri Aug 30 01:11:23 PM WIB 2024: Data download succeeded
Fri Aug 30 01:21:35 PM WIB 2024: Data download succeeded
Fri Aug 30 01:31:47 PM WIB 2024: Data download succeeded
Fri Aug 30 01:41:59 PM WIB 2024: Data download succeeded
Fri Aug 30 01:52:11 PM WIB 2024: Data download succeeded
Fri Aug 30 02:02:24 PM WIB 2024: Data download succeeded
Fri Aug 30 02:12:37 PM WIB 2024: Data download succeeded
Fri Aug 30 02:22:50 PM WIB 2024: Data download succeeded
Fri Aug 30 02:33:02 PM WIB 2024: Data download succeeded
Fri Aug 30 02:43:14 PM WIB 2024: Data download succeeded
Fri Aug 30 02:53:27 PM WIB 2024: Data download succeeded
Fri Aug 30 03:03:40 PM WIB 2024: Data download succeeded
Fri Aug 30 03:13:52 PM WIB 2024: Data download succeeded
Fri Aug 30 03:24:05 PM WIB 2024: Data download succeeded
Fri Aug 30 03:34:17 PM WIB 2024: Data download succeeded
Fri Aug 30 03:44:30 PM WIB 2024: Data download succeeded
Fri Aug 30 03:54:42 PM WIB 2024: Data download succeeded
Fri Aug 30 04:04:54 PM WIB 2024: Data download succeeded
Fri Aug 30 04:15:06 PM WIB 2024: Data download succeeded
Fri Aug 30 04:25:18 PM WIB 2024: Data download succeeded
Fri Aug 30 04:35:30 PM WIB 2024: Data download succeeded
Fri Aug 30 04:45:42 PM WIB 2024: Data download succeeded
Fri Aug 30 04:55:55 PM WIB 2024: Data download succeeded
Fri Aug 30 05:06:07 PM WIB 2024: Data download succeeded
Fri Aug 30 05:16:19 PM WIB 2024: Data download succeeded
Fri Aug 30 05:26:31 PM WIB 2024: Data download succeeded
Fri Aug 30 05:36:42 PM WIB 2024: Data download succeeded
Fri Aug 30 05:46:54 PM WIB 2024: Data download succeeded
Fri Aug 30 05:57:06 PM WIB 2024: Data download succeeded
Fri Aug 30 06:07:18 PM WIB 2024: Data download succeeded
Fri Aug 30 06:17:30 PM WIB 2024: Data download succeeded
Fri Aug 30 06:27:43 PM WIB 2024: Data download succeeded
Fri Aug 30 06:37:54 PM WIB 2024: Data download succeeded
Fri Aug 30 06:48:06 PM WIB 2024: Data download succeeded
Fri Aug 30 06:58:18 PM WIB 2024: Data download succeeded
Fri Aug 30 07:08:30 PM WIB 2024: Data download succeeded
Fri Aug 30 07:18:42 PM WIB 2024: Data download succeeded
Fri Aug 30 07:28:54 PM WIB 2024: Data download succeeded
Fri Aug 30 07:39:06 PM WIB 2024: Data download succeeded
Fri Aug 30 07:49:18 PM WIB 2024: Data download succeeded
Fri Aug 30 07:59:30 PM WIB 2024: Data download succeeded
Fri Aug 30 08:09:42 PM WIB 2024: Data download succeeded
Fri Aug 30 08:19:54 PM WIB 2024: Data download succeeded
Fri Aug 30 08:30:06 PM WIB 2024: Data download succeeded
Fri Aug 30 08:40:18 PM WIB 2024: Data download succeeded
Fri Aug 30 08:50:30 PM WIB 2024: Data download succeeded
Fri Aug 30 09:00:42 PM WIB 2024: Data download succeeded
Fri Aug 30 09:10:54 PM WIB 2024: Data download succeeded
Fri Aug 30 09:21:06 PM WIB 2024: Data download succeeded
Fri Aug 30 09:31:18 PM WIB 2024: Data download succeeded
Fri Aug 30 09:41:30 PM WIB 2024: Data download succeeded
Fri Aug 30 09:51:42 PM WIB 2024: Data download succeeded
Fri Aug 30 10:01:54 PM WIB 2024: Data download succeeded
Fri Aug 30 10:12:06 PM WIB 2024: Data download succeeded
Fri Aug 30 10:22:18 PM WIB 2024: Data download succeeded
Fri Aug 30 10:32:30 PM WIB 2024: Data download succeeded
Fri Aug 30 10:42:42 PM WIB 2024: Data download succeeded
Fri Aug 30 10:52:54 PM WIB 2024: Data download succeeded
Fri Aug 30 11:03:06 PM WIB 2024: Data download succeeded
Fri Aug 30 11:13:18 PM WIB 2024: Data download succeeded
Fri Aug 30 11:23:30 PM WIB 2024: Data download succeeded
Fri Aug 30 11:33:42 PM WIB 2024: Data download succeeded
Fri Aug 30 11:43:53 PM WIB 2024: Data download succeeded
Fri Aug 30 11:54:05 PM WIB 2024: Data download succeeded
Sat Aug 31 12:04:18 AM WIB 2024: Data download succeeded
Sat Aug 31 12:14:29 AM WIB 2024: Data download succeeded
Sat Aug 31 12:24:41 AM WIB 2024: Data download succeeded
Sat Aug 31 12:34:53 AM WIB 2024: Data download succeeded
Sat Aug 31 12:45:05 AM WIB 2024: Data download succeeded
Sat Aug 31 12:55:17 AM WIB 2024: Data download succeeded
Sat Aug 31 01:05:29 AM WIB 2024: Data download succeeded
Sat Aug 31 01:15:41 AM WIB 2024: Data download succeeded
Sat Aug 31 01:25:53 AM WIB 2024: Data download succeeded
Sat Aug 31 01:36:05 AM WIB 2024: Data download succeeded
Sat Aug 31 01:46:17 AM WIB 2024: Data download succeeded
Sat Aug 31 01:56:29 AM WIB 2024: Data download succeeded
Sat Aug 31 02:06:41 AM WIB 2024: Data download succeeded
Sat Aug 31 02:16:53 AM WIB 2024: Data download succeeded
Sat Aug 31 02:27:05 AM WIB 2024: Data download succeeded
Sat Aug 31 02:37:17 AM WIB 2024: Data download succeeded
Sat Aug 31 02:47:30 AM WIB 2024: Data download succeeded
Sat Aug 31 02:57:41 AM WIB 2024: Data download succeeded
Sat Aug 31 03:07:54 AM WIB 2024: Data download succeeded
Sat Aug 31 03:18:06 AM WIB 2024: Data download succeeded
Sat Aug 31 03:28:18 AM WIB 2024: Data download succeeded
Sat Aug 31 03:38:30 AM WIB 2024: Data download succeeded
Sat Aug 31 03:48:41 AM WIB 2024: Data download succeeded
Sat Aug 31 03:58:53 AM WIB 2024: Data download succeeded
Sat Aug 31 04:09:05 AM WIB 2024: Data download succeeded
Sat Aug 31 04:19:18 AM WIB 2024: Data download succeeded
Sat Aug 31 04:29:30 AM WIB 2024: Data download succeeded
Sat Aug 31 04:39:42 AM WIB 2024: Data download succeeded
Sat Aug 31 04:49:54 AM WIB 2024: Data download succeeded
Sat Aug 31 05:00:06 AM WIB 2024: Data download succeeded
Sat Aug 31 05:10:17 AM WIB 2024: Data download succeeded
Sat Aug 31 05:20:29 AM WIB 2024: Data download succeeded
Sat Aug 31 05:30:41 AM WIB 2024: Data download succeeded
Sat Aug 31 05:40:53 AM WIB 2024: Data download succeeded
Sat Aug 31 05:51:05 AM WIB 2024: Data download succeeded
Sat Aug 31 06:01:17 AM WIB 2024: Data download succeeded
Sat Aug 31 06:11:29 AM WIB 2024: Data download succeeded
Sat Aug 31 06:21:41 AM WIB 2024: Data download succeeded
Sat Aug 31 06:31:53 AM WIB 2024: Data download succeeded
Sat Aug 31 06:42:05 AM WIB 2024: Data download succeeded
Sat Aug 31 06:52:17 AM WIB 2024: Data download succeeded
Sat Aug 31 07:02:29 AM WIB 2024: Data download succeeded
Sat Aug 31 07:12:41 AM WIB 2024: Data download succeeded
Sat Aug 31 07:22:53 AM WIB 2024: Data download succeeded
Sat Aug 31 07:33:06 AM WIB 2024: Data download succeeded
Sat Aug 31 07:43:18 AM WIB 2024: Data download succeeded
Sat Aug 31 07:53:30 AM WIB 2024: Data download succeeded
Sat Aug 31 08:03:42 AM WIB 2024: Data download succeeded
Sat Aug 31 08:13:54 AM WIB 2024: Data download succeeded
Sat Aug 31 08:24:06 AM WIB 2024: Data download succeeded
Sat Aug 31 08:34:18 AM WIB 2024: Data download succeeded
Sat Aug 31 08:44:30 AM WIB 2024: Data download succeeded
Sat Aug 31 08:54:42 AM WIB 2024: Data download succeeded
Sat Aug 31 09:04:54 AM WIB 2024: Data download succeeded
Sat Aug 31 09:15:06 AM WIB 2024: Data download succeeded
Sat Aug 31 09:25:18 AM WIB 2024: Data download succeeded
Sat Aug 31 09:35:29 AM WIB 2024: Data download succeeded
Sat Aug 31 09:45:41 AM WIB 2024: Data download succeeded
Sat Aug 31 09:55:53 AM WIB 2024: Data download succeeded
Sat Aug 31 10:06:05 AM WIB 2024: Data download succeeded
Sat Aug 31 10:16:17 AM WIB 2024: Data download succeeded
Sat Aug 31 10:26:29 AM WIB 2024: Data download succeeded
Sat Aug 31 10:36:41 AM WIB 2024: Data download succeeded
Sat Aug 31 10:46:53 AM WIB 2024: Data download succeeded
Sat Aug 31 10:57:05 AM WIB 2024: Data download succeeded
Sat Aug 31 11:07:17 AM WIB 2024: Data download succeeded
Sat Aug 31 11:17:29 AM WIB 2024: Data download succeeded
Sat Aug 31 11:27:41 AM WIB 2024: Data download succeeded
Sat Aug 31 11:37:53 AM WIB 2024: Data download succeeded
Sat Aug 31 11:48:04 AM WIB 2024: Data download succeeded
Sat Aug 31 11:58:16 AM WIB 2024: Data download succeeded
Sat Aug 31 12:08:28 PM WIB 2024: Data download succeeded
Sat Aug 31 12:18:40 PM WIB 2024: Data download succeeded
Sat Aug 31 12:28:52 PM WIB 2024: Data download succeeded
Sat Aug 31 12:39:04 PM WIB 2024: Data download succeeded
Sat Aug 31 12:49:16 PM WIB 2024: Data download succeeded
Sat Aug 31 12:59:28 PM WIB 2024: Data download succeeded
Sat Aug 31 01:09:40 PM WIB 2024: Data download succeeded
Sat Aug 31 01:19:52 PM WIB 2024: Data download succeeded
Sat Aug 31 01:30:03 PM WIB 2024: Data download succeeded
Sat Aug 31 01:40:15 PM WIB 2024: Data download succeeded
Sat Aug 31 01:50:27 PM WIB 2024: Data download succeeded
Sat Aug 31 02:00:39 PM WIB 2024: Data download succeeded
Sat Aug 31 02:10:51 PM WIB 2024: Data download succeeded
Sat Aug 31 02:21:03 PM WIB 2024: Data download succeeded
Sat Aug 31 02:31:15 PM WIB 2024: Data download succeeded
Sat Aug 31 02:41:27 PM WIB 2024: Data download succeeded
Sat Aug 31 02:51:39 PM WIB 2024: Data download succeeded
Sat Aug 31 03:01:51 PM WIB 2024: Data download succeeded
Sat Aug 31 03:12:03 PM WIB 2024: Data download succeeded
Sat Aug 31 03:22:15 PM WIB 2024: Data download succeeded
Sat Aug 31 03:32:27 PM WIB 2024: Data download succeeded
Sat Aug 31 03:42:39 PM WIB 2024: Data download succeeded
Sat Aug 31 03:52:51 PM WIB 2024: Data download succeeded
Sat Aug 31 04:03:03 PM WIB 2024: Data download succeeded
Sat Aug 31 04:13:14 PM WIB 2024: Data download succeeded
Sat Aug 31 04:23:27 PM WIB 2024: Data download succeeded
Sat Aug 31 04:33:38 PM WIB 2024: Data download succeeded
Sat Aug 31 04:43:50 PM WIB 2024: Data download succeeded
Sat Aug 31 04:54:02 PM WIB 2024: Data download succeeded
Sat Aug 31 05:04:14 PM WIB 2024: Data download succeeded
Sat Aug 31 05:14:26 PM WIB 2024: Data download succeeded
Sat Aug 31 05:24:38 PM WIB 2024: Data download succeeded
Sat Aug 31 05:34:50 PM WIB 2024: Data download succeeded
Sat Aug 31 05:45:01 PM WIB 2024: Data download succeeded
Sat Aug 31 05:55:13 PM WIB 2024: Data download succeeded
Sat Aug 31 06:05:25 PM WIB 2024: Data download succeeded
Sat Aug 31 06:15:37 PM WIB 2024: Data download succeeded
Sat Aug 31 06:25:49 PM WIB 2024: Data download succeeded
Sat Aug 31 06:36:01 PM WIB 2024: Data download succeeded
Sat Aug 31 06:46:13 PM WIB 2024: Data download succeeded
Sat Aug 31 06:56:25 PM WIB 2024: Data download succeeded
Sat Aug 31 07:06:37 PM WIB 2024: Data download succeeded
Sat Aug 31 07:16:48 PM WIB 2024: Data download succeeded
Sat Aug 31 07:27:00 PM WIB 2024: Data download succeeded
Sat Aug 31 07:37:12 PM WIB 2024: Data download succeeded
Sat Aug 31 07:47:24 PM WIB 2024: Data download succeeded
Sat Aug 31 07:57:36 PM WIB 2024: Data download succeeded
Sat Aug 31 08:07:48 PM WIB 2024: Data download succeeded
Sat Aug 31 08:18:00 PM WIB 2024: Data download succeeded
Sat Aug 31 08:28:11 PM WIB 2024: Data download succeeded
Sat Aug 31 08:38:23 PM WIB 2024: Data download succeeded
Sat Aug 31 08:48:35 PM WIB 2024: Data download succeeded
Sat Aug 31 08:58:47 PM WIB 2024: Data download succeeded
Sat Aug 31 09:08:59 PM WIB 2024: Data download succeeded
Sat Aug 31 09:19:11 PM WIB 2024: Data download succeeded
Sat Aug 31 09:29:23 PM WIB 2024: Data download succeeded
Sat Aug 31 09:39:35 PM WIB 2024: Data download succeeded
Sat Aug 31 09:49:47 PM WIB 2024: Data download succeeded
Sat Aug 31 09:59:59 PM WIB 2024: Data download succeeded
Sat Aug 31 10:10:11 PM WIB 2024: Data download succeeded
Sat Aug 31 10:20:22 PM WIB 2024: Data download succeeded
Sat Aug 31 10:30:34 PM WIB 2024: Data download succeeded
Sat Aug 31 10:40:46 PM WIB 2024: Data download succeeded
Sat Aug 31 10:50:58 PM WIB 2024: Data download succeeded
Sat Aug 31 11:01:10 PM WIB 2024: Data download succeeded
Sat Aug 31 11:11:22 PM WIB 2024: Data download succeeded
Sat Aug 31 11:21:34 PM WIB 2024: Data download succeeded
Sat Aug 31 11:31:45 PM WIB 2024: Data download succeeded
Sat Aug 31 11:41:57 PM WIB 2024: Data download succeeded
Sat Aug 31 11:52:09 PM WIB 2024: Data download succeeded
Sun Sep  1 12:02:21 AM WIB 2024: Data download succeeded
Sun Sep  1 12:12:33 AM WIB 2024: Data download succeeded
Sun Sep  1 12:22:45 AM WIB 2024: Data download succeeded
Sun Sep  1 12:32:58 AM WIB 2024: Data download succeeded
Sun Sep  1 12:43:09 AM WIB 2024: Data download succeeded
Sun Sep  1 12:53:21 AM WIB 2024: Data download succeeded
Sun Sep  1 01:03:33 AM WIB 2024: Data download succeeded
Sun Sep  1 01:13:45 AM WIB 2024: Data download succeeded
Sun Sep  1 01:23:57 AM WIB 2024: Data download succeeded
Sun Sep  1 01:34:09 AM WIB 2024: Data download succeeded
Sun Sep  1 01:44:21 AM WIB 2024: Data download succeeded
Sun Sep  1 01:54:33 AM WIB 2024: Data download succeeded
Sun Sep  1 02:04:45 AM WIB 2024: Data download succeeded
Sun Sep  1 02:14:57 AM WIB 2024: Data download succeeded
Sun Sep  1 02:25:09 AM WIB 2024: Data download succeeded
Sun Sep  1 02:35:21 AM WIB 2024: Data download succeeded
Sun Sep  1 02:45:33 AM WIB 2024: Data download succeeded
Sun Sep  1 02:55:45 AM WIB 2024: Data download succeeded
Sun Sep  1 03:05:57 AM WIB 2024: Data download succeeded
Sun Sep  1 03:16:09 AM WIB 2024: Data download succeeded
Sun Sep  1 03:26:21 AM WIB 2024: Data download succeeded
Sun Sep  1 03:36:32 AM WIB 2024: Data download succeeded
Sun Sep  1 03:46:44 AM WIB 2024: Data download succeeded
Sun Sep  1 03:56:56 AM WIB 2024: Data download succeeded
Sun Sep  1 04:07:08 AM WIB 2024: Data download succeeded
Sun Sep  1 04:17:20 AM WIB 2024: Data download succeeded
Sun Sep  1 04:27:32 AM WIB 2024: Data download succeeded
Sun Sep  1 04:37:44 AM WIB 2024: Data download succeeded
Sun Sep  1 04:47:55 AM WIB 2024: Data download succeeded
Sun Sep  1 04:58:07 AM WIB 2024: Data download succeeded
Sun Sep  1 05:08:19 AM WIB 2024: Data download succeeded
Sun Sep  1 05:18:32 AM WIB 2024: Data download succeeded
Sun Sep  1 05:28:43 AM WIB 2024: Data download succeeded
Sun Sep  1 05:38:55 AM WIB 2024: Data download succeeded
Sun Sep  1 05:49:07 AM WIB 2024: Data download succeeded
Sun Sep  1 05:59:19 AM WIB 2024: Data download succeeded
Sun Sep  1 06:09:31 AM WIB 2024: Data download succeeded
Sun Sep  1 06:19:43 AM WIB 2024: Data download succeeded
Sun Sep  1 06:29:55 AM WIB 2024: Data download succeeded
Sun Sep  1 06:40:07 AM WIB 2024: Data download succeeded
Sun Sep  1 06:50:19 AM WIB 2024: Data download succeeded
Sun Sep  1 07:00:30 AM WIB 2024: Data download succeeded
Sun Sep  1 07:10:42 AM WIB 2024: Data download succeeded
Sun Sep  1 07:20:54 AM WIB 2024: Data download succeeded
Sun Sep  1 07:31:06 AM WIB 2024: Data download succeeded
Sun Sep  1 07:41:18 AM WIB 2024: Data download succeeded
Sun Sep  1 07:51:30 AM WIB 2024: Data download succeeded
Sun Sep  1 08:01:41 AM WIB 2024: Data download succeeded
Sun Sep  1 08:11:53 AM WIB 2024: Data download succeeded
Sun Sep  1 08:22:05 AM WIB 2024: Data download succeeded
Sun Sep  1 08:32:17 AM WIB 2024: Data download succeeded
Sun Sep  1 08:42:29 AM WIB 2024: Data download succeeded
Sun Sep  1 08:52:41 AM WIB 2024: Data download succeeded
Sun Sep  1 09:02:53 AM WIB 2024: Data download succeeded
Sun Sep  1 09:13:05 AM WIB 2024: Data download succeeded
Sun Sep  1 09:23:17 AM WIB 2024: Data download succeeded
Sun Sep  1 09:33:29 AM WIB 2024: Data download succeeded
Sun Sep  1 09:43:41 AM WIB 2024: Data download succeeded
Sun Sep  1 09:53:53 AM WIB 2024: Data download succeeded
Sun Sep  1 10:04:05 AM WIB 2024: Data download succeeded
Sun Sep  1 10:14:16 AM WIB 2024: Data download succeeded
Sun Sep  1 10:24:29 AM WIB 2024: Data download succeeded
Sun Sep  1 10:34:40 AM WIB 2024: Data download succeeded
Sun Sep  1 10:44:52 AM WIB 2024: Data download succeeded
Sun Sep  1 10:55:04 AM WIB 2024: Data download succeeded
Sun Sep  1 11:05:16 AM WIB 2024: Data download succeeded
Sun Sep  1 11:15:28 AM WIB 2024: Data download succeeded
Sun Sep  1 11:25:40 AM WIB 2024: Data download succeeded
Sun Sep  1 11:35:52 AM WIB 2024: Data download succeeded
Sun Sep  1 11:46:04 AM WIB 2024: Data download succeeded
Sun Sep  1 11:56:16 AM WIB 2024: Data download succeeded
Sun Sep  1 12:06:28 PM WIB 2024: Data download succeeded
Sun Sep  1 12:16:41 PM WIB 2024: Data download succeeded
Sun Sep  1 12:26:52 PM WIB 2024: Data download succeeded
Sun Sep  1 12:37:04 PM WIB 2024: Data download succeeded
Sun Sep  1 12:47:16 PM WIB 2024: Data download succeeded
Sun Sep  1 12:57:28 PM WIB 2024: Data download succeeded
Sun Sep  1 01:07:40 PM WIB 2024: Data download succeeded
Sun Sep  1 01:17:52 PM WIB 2024: Data download succeeded
Sun Sep  1 01:28:04 PM WIB 2024: Data download succeeded
Sun Sep  1 01:38:16 PM WIB 2024: Data download succeeded
Sun Sep  1 01:48:28 PM WIB 2024: Data download succeeded
Sun Sep  1 01:58:40 PM WIB 2024: Data download succeeded
Sun Sep  1 02:08:52 PM WIB 2024: Data download succeeded
Sun Sep  1 02:19:04 PM WIB 2024: Data download succeeded
Sun Sep  1 02:29:16 PM WIB 2024: Data download succeeded
Sun Sep  1 02:39:28 PM WIB 2024: Data download succeeded
Sun Sep  1 02:49:40 PM WIB 2024: Data download succeeded
Sun Sep  1 02:59:52 PM WIB 2024: Data download succeeded
Sun Sep  1 03:10:04 PM WIB 2024: Data download succeeded
Sun Sep  1 03:20:16 PM WIB 2024: Data download succeeded
Sun Sep  1 03:30:28 PM WIB 2024: Data download succeeded
Sun Sep  1 03:40:40 PM WIB 2024: Data download succeeded
Sun Sep  1 03:50:52 PM WIB 2024: Data download succeeded
Sun Sep  1 04:01:04 PM WIB 2024: Data download succeeded
Sun Sep  1 04:11:16 PM WIB 2024: Data download succeeded
Sun Sep  1 04:18:33 PM WIB 2024: Data download succeeded
Sun Sep  1 04:28:45 PM WIB 2024: Data download succeeded
Sun Sep  1 04:38:57 PM WIB 2024: Data download succeeded
Sun Sep  1 04:49:09 PM WIB 2024: Data download succeeded
Sun Sep  1 04:59:21 PM WIB 2024: Data download succeeded
Sun Sep  1 05:09:33 PM WIB 2024: Data download succeeded
Sun Sep  1 05:19:45 PM WIB 2024: Data download succeeded
Sun Sep  1 05:29:57 PM WIB 2024: Data download succeeded
Sun Sep  1 05:40:09 PM WIB 2024: Data download succeeded
Sun Sep  1 05:50:20 PM WIB 2024: Data download succeeded
Sun Sep  1 06:00:32 PM WIB 2024: Data download succeeded
Sun Sep  1 06:10:44 PM WIB 2024: Data download succeeded
Sun Sep  1 06:20:56 PM WIB 2024: Data download succeeded
Sun Sep  1 06:31:08 PM WIB 2024: Data download succeeded
Sun Sep  1 06:41:20 PM WIB 2024: Data download succeeded
Sun Sep  1 06:51:32 PM WIB 2024: Data download succeeded
Sun Sep  1 07:01:44 PM WIB 2024: Data download succeeded
Sun Sep  1 07:11:55 PM WIB 2024: Data download succeeded
Sun Sep  1 07:22:08 PM WIB 2024: Data download succeeded
Sun Sep  1 07:32:21 PM WIB 2024: Data download succeeded
Sun Sep  1 07:42:33 PM WIB 2024: Data download succeeded
Sun Sep  1 07:52:44 PM WIB 2024: Data download succeeded
Sun Sep  1 08:02:56 PM WIB 2024: Data download succeeded
Sun Sep  1 08:13:08 PM WIB 2024: Data download succeeded
Sun Sep  1 08:23:20 PM WIB 2024: Data download succeeded
Sun Sep  1 08:33:32 PM WIB 2024: Data download succeeded
Sun Sep  1 08:43:44 PM WIB 2024: Data download succeeded
Sun Sep  1 08:53:56 PM WIB 2024: Data download succeeded
Sun Sep  1 09:04:08 PM WIB 2024: Data download succeeded
Sun Sep  1 09:14:20 PM WIB 2024: Data download succeeded
Sun Sep  1 09:24:23 PM WIB 2024: Data download failed
Sun Sep  1 09:34:27 PM WIB 2024: Data download succeeded
Sun Sep  1 09:44:30 PM WIB 2024: Data download succeeded
Sun Sep  1 09:54:34 PM WIB 2024: Data download succeeded
Sun Sep  1 10:04:37 PM WIB 2024: Data download succeeded
Sun Sep  1 10:14:41 PM WIB 2024: Data download succeeded
Sun Sep  1 10:24:45 PM WIB 2024: Data download succeeded
Sun Sep  1 10:34:48 PM WIB 2024: Data download succeeded
Sun Sep  1 10:44:52 PM WIB 2024: Data download succeeded
Sun Sep  1 10:54:55 PM WIB 2024: Data download succeeded
Sun Sep  1 11:04:59 PM WIB 2024: Data download succeeded
Sun Sep  1 11:15:02 PM WIB 2024: Data download succeeded
Sun Sep  1 11:25:06 PM WIB 2024: Data download succeeded
Sun Sep  1 11:35:10 PM WIB 2024: Data download succeeded
Sun Sep  1 11:45:13 PM WIB 2024: Data download succeeded
Sun Sep  1 11:55:16 PM WIB 2024: Data download succeeded
Mon Sep  2 12:05:20 AM WIB 2024: Data download succeeded
Mon Sep  2 12:15:23 AM WIB 2024: Data download succeeded
Mon Sep  2 12:25:27 AM WIB 2024: Data download succeeded
Mon Sep  2 12:35:31 AM WIB 2024: Data download succeeded
Mon Sep  2 12:45:34 AM WIB 2024: Data download succeeded
Mon Sep  2 12:55:38 AM WIB 2024: Data download succeeded
Mon Sep  2 01:05:41 AM WIB 2024: Data download succeeded
Mon Sep  2 01:15:45 AM WIB 2024: Data download succeeded
Mon Sep  2 01:25:48 AM WIB 2024: Data download succeeded
Mon Sep  2 01:35:52 AM WIB 2024: Data download succeeded
Mon Sep  2 01:45:56 AM WIB 2024: Data download succeeded
Mon Sep  2 01:55:59 AM WIB 2024: Data download succeeded
Mon Sep  2 02:06:03 AM WIB 2024: Data download succeeded
Mon Sep  2 02:16:06 AM WIB 2024: Data download succeeded
Mon Sep  2 02:26:10 AM WIB 2024: Data download succeeded
Mon Sep  2 02:36:13 AM WIB 2024: Data download succeeded
Mon Sep  2 02:46:17 AM WIB 2024: Data download succeeded
Mon Sep  2 02:56:21 AM WIB 2024: Data download succeeded
Mon Sep  2 03:06:24 AM WIB 2024: Data download succeeded
Mon Sep  2 03:16:28 AM WIB 2024: Data download succeeded
Mon Sep  2 03:26:31 AM WIB 2024: Data download succeeded
Mon Sep  2 03:36:35 AM WIB 2024: Data download succeeded
Mon Sep  2 03:46:38 AM WIB 2024: Data download succeeded
Mon Sep  2 03:56:42 AM WIB 2024: Data download succeeded
Mon Sep  2 04:06:45 AM WIB 2024: Data download succeeded
Mon Sep  2 04:16:49 AM WIB 2024: Data download succeeded
Mon Sep  2 04:26:52 AM WIB 2024: Data download succeeded
Mon Sep  2 04:36:56 AM WIB 2024: Data download succeeded
Mon Sep  2 04:46:59 AM WIB 2024: Data download succeeded
Mon Sep  2 04:57:03 AM WIB 2024: Data download succeeded
Mon Sep  2 05:07:07 AM WIB 2024: Data download succeeded
Mon Sep  2 05:17:10 AM WIB 2024: Data download succeeded
Mon Sep  2 05:27:14 AM WIB 2024: Data download succeeded
Mon Sep  2 05:37:17 AM WIB 2024: Data download succeeded
Mon Sep  2 05:47:21 AM WIB 2024: Data download succeeded
Mon Sep  2 05:57:24 AM WIB 2024: Data download succeeded
Mon Sep  2 06:07:28 AM WIB 2024: Data download succeeded
Mon Sep  2 06:17:31 AM WIB 2024: Data download succeeded
Mon Sep  2 06:27:35 AM WIB 2024: Data download succeeded
Mon Sep  2 06:37:39 AM WIB 2024: Data download succeeded
Mon Sep  2 06:47:42 AM WIB 2024: Data download succeeded
Mon Sep  2 06:57:46 AM WIB 2024: Data download succeeded
Mon Sep  2 07:07:49 AM WIB 2024: Data download succeeded
Mon Sep  2 07:17:53 AM WIB 2024: Data download succeeded
Mon Sep  2 07:27:56 AM WIB 2024: Data download succeeded
Mon Sep  2 07:38:00 AM WIB 2024: Data download succeeded
Mon Sep  2 07:48:03 AM WIB 2024: Data download succeeded
Mon Sep  2 07:58:07 AM WIB 2024: Data download succeeded
Mon Sep  2 08:08:10 AM WIB 2024: Data download succeeded
Mon Sep  2 08:18:14 AM WIB 2024: Data download succeeded
Mon Sep  2 08:28:19 AM WIB 2024: Data download succeeded
Mon Sep  2 08:38:22 AM WIB 2024: Data download succeeded
Mon Sep  2 08:48:25 AM WIB 2024: Data download succeeded
Mon Sep  2 08:58:29 AM WIB 2024: Data download succeeded
Mon Sep  2 09:08:32 AM WIB 2024: Data download succeeded
Mon Sep  2 09:18:36 AM WIB 2024: Data download succeeded
Mon Sep  2 09:28:39 AM WIB 2024: Data download succeeded
Mon Sep  2 09:38:43 AM WIB 2024: Data download succeeded
Mon Sep  2 09:48:46 AM WIB 2024: Data download succeeded
Mon Sep  2 09:58:50 AM WIB 2024: Data download succeeded
Mon Sep  2 10:08:53 AM WIB 2024: Data download succeeded
Mon Sep  2 10:18:57 AM WIB 2024: Data download succeeded
Mon Sep  2 10:29:00 AM WIB 2024: Data download succeeded
Mon Sep  2 10:39:04 AM WIB 2024: Data download succeeded
Mon Sep  2 10:49:07 AM WIB 2024: Data download succeeded
Mon Sep  2 10:59:11 AM WIB 2024: Data download succeeded
Mon Sep  2 11:09:14 AM WIB 2024: Data download succeeded
Mon Sep  2 11:19:18 AM WIB 2024: Data download succeeded
Mon Sep  2 11:29:21 AM WIB 2024: Data download succeeded
Mon Sep  2 11:39:25 AM WIB 2024: Data download succeeded
Mon Sep  2 11:49:28 AM WIB 2024: Data download succeeded
Mon Sep  2 11:59:32 AM WIB 2024: Data download succeeded
Mon Sep  2 12:09:36 PM WIB 2024: Data download succeeded
Mon Sep  2 12:19:39 PM WIB 2024: Data download succeeded
Mon Sep  2 12:29:43 PM WIB 2024: Data download succeeded
Mon Sep  2 12:39:46 PM WIB 2024: Data download succeeded
Mon Sep  2 12:49:50 PM WIB 2024: Data download succeeded
Mon Sep  2 12:59:53 PM WIB 2024: Data download succeeded
Mon Sep  2 01:09:57 PM WIB 2024: Data download succeeded
Mon Sep  2 01:20:01 PM WIB 2024: Data download succeeded
Mon Sep  2 01:30:04 PM WIB 2024: Data download succeeded
Mon Sep  2 01:40:08 PM WIB 2024: Data download succeeded
Mon Sep  2 01:50:11 PM WIB 2024: Data download succeeded
Mon Sep  2 02:00:15 PM WIB 2024: Data download succeeded
Mon Sep  2 02:10:18 PM WIB 2024: Data download succeeded
Mon Sep  2 02:20:22 PM WIB 2024: Data download succeeded
Mon Sep  2 02:30:26 PM WIB 2024: Data download succeeded
Mon Sep  2 02:40:29 PM WIB 2024: Data download succeeded
Mon Sep  2 02:50:33 PM WIB 2024: Data download succeeded
Mon Sep  2 03:00:36 PM WIB 2024: Data download succeeded
Mon Sep  2 03:10:40 PM WIB 2024: Data download succeeded
Mon Sep  2 03:20:43 PM WIB 2024: Data download succeeded
Mon Sep  2 03:30:47 PM WIB 2024: Data download succeeded
Mon Sep  2 03:40:50 PM WIB 2024: Data download succeeded
Mon Sep  2 03:50:53 PM WIB 2024: Data download succeeded
Mon Sep  2 04:00:57 PM WIB 2024: Data download succeeded
Mon Sep  2 04:11:00 PM WIB 2024: Data download succeeded
Mon Sep  2 04:21:04 PM WIB 2024: Data download succeeded
Mon Sep  2 04:31:07 PM WIB 2024: Data download succeeded
Mon Sep  2 04:41:11 PM WIB 2024: Data download succeeded
Mon Sep  2 04:51:14 PM WIB 2024: Data download succeeded
Mon Sep  2 05:01:18 PM WIB 2024: Data download succeeded
Mon Sep  2 05:11:21 PM WIB 2024: Data download succeeded
Mon Sep  2 05:21:24 PM WIB 2024: Data download succeeded
Mon Sep  2 05:31:28 PM WIB 2024: Data download succeeded
Mon Sep  2 05:41:32 PM WIB 2024: Data download succeeded
Mon Sep  2 05:51:35 PM WIB 2024: Data download succeeded
Mon Sep  2 06:01:39 PM WIB 2024: Data download succeeded
Mon Sep  2 06:11:42 PM WIB 2024: Data download succeeded
Mon Sep  2 06:21:46 PM WIB 2024: Data download succeeded
Mon Sep  2 06:31:49 PM WIB 2024: Data download succeeded
Mon Sep  2 06:41:53 PM WIB 2024: Data download succeeded
Mon Sep  2 06:51:56 PM WIB 2024: Data download succeeded
Mon Sep  2 07:02:00 PM WIB 2024: Data download succeeded
Mon Sep  2 07:12:03 PM WIB 2024: Data download succeeded
Mon Sep  2 07:22:07 PM WIB 2024: Data download succeeded
Mon Sep  2 07:32:10 PM WIB 2024: Data download succeeded
Mon Sep  2 07:42:14 PM WIB 2024: Data download succeeded
Mon Sep  2 07:52:18 PM WIB 2024: Data download succeeded
Mon Sep  2 08:02:21 PM WIB 2024: Data download succeeded
Mon Sep  2 08:12:25 PM WIB 2024: Data download succeeded
Mon Sep  2 08:22:28 PM WIB 2024: Data download succeeded
Mon Sep  2 08:32:32 PM WIB 2024: Data download succeeded
Mon Sep  2 08:42:35 PM WIB 2024: Data download succeeded
Mon Sep  2 08:52:38 PM WIB 2024: Data download succeeded
Mon Sep  2 09:02:42 PM WIB 2024: Data download succeeded
Mon Sep  2 09:12:45 PM WIB 2024: Data download succeeded
Mon Sep  2 09:22:49 PM WIB 2024: Data download succeeded
Mon Sep  2 09:32:52 PM WIB 2024: Data download succeeded
Mon Sep  2 09:42:56 PM WIB 2024: Data download succeeded
Mon Sep  2 09:52:59 PM WIB 2024: Data download succeeded
Mon Sep  2 10:03:03 PM WIB 2024: Data download succeeded
Mon Sep  2 10:13:06 PM WIB 2024: Data download succeeded
Mon Sep  2 10:23:10 PM WIB 2024: Data download succeeded
Mon Sep  2 10:33:13 PM WIB 2024: Data download succeeded
Mon Sep  2 10:43:16 PM WIB 2024: Data download succeeded
Mon Sep  2 10:53:20 PM WIB 2024: Data download succeeded
Mon Sep  2 11:03:24 PM WIB 2024: Data download succeeded
Mon Sep  2 11:13:27 PM WIB 2024: Data download succeeded
Mon Sep  2 11:23:30 PM WIB 2024: Data download succeeded
Mon Sep  2 11:33:34 PM WIB 2024: Data download succeeded
Mon Sep  2 11:43:37 PM WIB 2024: Data download succeeded
Mon Sep  2 11:53:41 PM WIB 2024: Data download succeeded
Tue Sep  3 12:03:44 AM WIB 2024: Data download succeeded
Tue Sep  3 12:13:48 AM WIB 2024: Data download succeeded
Tue Sep  3 12:23:51 AM WIB 2024: Data download succeeded
Tue Sep  3 12:33:55 AM WIB 2024: Data download succeeded
Tue Sep  3 12:43:58 AM WIB 2024: Data download succeeded
Tue Sep  3 12:54:02 AM WIB 2024: Data download succeeded
Tue Sep  3 01:04:05 AM WIB 2024: Data download succeeded
Tue Sep  3 01:14:09 AM WIB 2024: Data download succeeded
Tue Sep  3 01:24:13 AM WIB 2024: Data download succeeded
Tue Sep  3 01:34:16 AM WIB 2024: Data download succeeded
Tue Sep  3 01:44:20 AM WIB 2024: Data download succeeded
Tue Sep  3 01:54:23 AM WIB 2024: Data download succeeded
Tue Sep  3 02:04:26 AM WIB 2024: Data download succeeded
Tue Sep  3 02:14:30 AM WIB 2024: Data download succeeded
Tue Sep  3 02:24:33 AM WIB 2024: Data download succeeded
Tue Sep  3 02:34:37 AM WIB 2024: Data download succeeded
Tue Sep  3 02:44:41 AM WIB 2024: Data download succeeded
Tue Sep  3 02:54:44 AM WIB 2024: Data download succeeded
Tue Sep  3 03:04:48 AM WIB 2024: Data download succeeded
Tue Sep  3 03:14:51 AM WIB 2024: Data download succeeded
Tue Sep  3 03:24:54 AM WIB 2024: Data download succeeded
Tue Sep  3 03:34:58 AM WIB 2024: Data download succeeded
Tue Sep  3 03:45:02 AM WIB 2024: Data download succeeded
Tue Sep  3 03:55:05 AM WIB 2024: Data download succeeded
Tue Sep  3 04:05:09 AM WIB 2024: Data download succeeded
Tue Sep  3 04:15:12 AM WIB 2024: Data download succeeded
Tue Sep  3 04:25:16 AM WIB 2024: Data download succeeded
Tue Sep  3 04:35:19 AM WIB 2024: Data download succeeded
Tue Sep  3 04:45:23 AM WIB 2024: Data download succeeded
Tue Sep  3 04:55:26 AM WIB 2024: Data download succeeded
Tue Sep  3 05:05:29 AM WIB 2024: Data download succeeded
Tue Sep  3 05:15:33 AM WIB 2024: Data download succeeded
Tue Sep  3 05:25:37 AM WIB 2024: Data download succeeded
Tue Sep  3 05:35:40 AM WIB 2024: Data download succeeded
Tue Sep  3 05:45:43 AM WIB 2024: Data download succeeded
Tue Sep  3 05:55:47 AM WIB 2024: Data download succeeded
Tue Sep  3 06:05:50 AM WIB 2024: Data download succeeded
Tue Sep  3 06:15:54 AM WIB 2024: Data download succeeded
Tue Sep  3 06:25:57 AM WIB 2024: Data download succeeded
Tue Sep  3 06:36:01 AM WIB 2024: Data download succeeded
Tue Sep  3 06:46:04 AM WIB 2024: Data download succeeded
Tue Sep  3 06:56:08 AM WIB 2024: Data download succeeded
Tue Sep  3 07:06:11 AM WIB 2024: Data download succeeded
Tue Sep  3 07:16:14 AM WIB 2024: Data download succeeded
Tue Sep  3 07:26:18 AM WIB 2024: Data download succeeded
Tue Sep  3 07:36:22 AM WIB 2024: Data download succeeded
Tue Sep  3 07:46:25 AM WIB 2024: Data download succeeded
Tue Sep  3 07:56:28 AM WIB 2024: Data download succeeded
Tue Sep  3 08:06:32 AM WIB 2024: Data download succeeded
Tue Sep  3 08:16:35 AM WIB 2024: Data download succeeded
Tue Sep  3 08:26:39 AM WIB 2024: Data download succeeded
Tue Sep  3 08:36:42 AM WIB 2024: Data download succeeded
Tue Sep  3 08:46:45 AM WIB 2024: Data download succeeded
Tue Sep  3 08:56:49 AM WIB 2024: Data download succeeded
Tue Sep  3 09:06:52 AM WIB 2024: Data download succeeded
Tue Sep  3 09:16:56 AM WIB 2024: Data download succeeded
Tue Sep  3 09:26:59 AM WIB 2024: Data download succeeded
Tue Sep  3 09:37:03 AM WIB 2024: Data download succeeded
Tue Sep  3 09:47:06 AM WIB 2024: Data download succeeded
Tue Sep  3 09:57:10 AM WIB 2024: Data download succeeded
Tue Sep  3 10:07:13 AM WIB 2024: Data download succeeded
Tue Sep  3 10:11:59 AM WIB 2024: Data download succeeded
Tue Sep  3 10:13:42 AM WIB 2024: Data download failed
Tue Sep  3 10:14:36 AM WIB 2024: Data download succeeded
Tue Sep  3 10:24:48 AM WIB 2024: Data download succeeded
Tue Sep  3 10:35:00 AM WIB 2024: Data download succeeded
Tue Sep  3 10:45:12 AM WIB 2024: Data download succeeded
Tue Sep  3 10:55:24 AM WIB 2024: Data download succeeded
Tue Sep  3 11:05:36 AM WIB 2024: Data download succeeded
Tue Sep  3 11:15:48 AM WIB 2024: Data download succeeded
Tue Sep  3 11:26:00 AM WIB 2024: Data download succeeded
Tue Sep  3 11:36:12 AM WIB 2024: Data download succeeded
Tue Sep  3 11:46:14 AM WIB 2024: Data download failed
Tue Sep  3 11:56:15 AM WIB 2024: Data download failed
Tue Sep  3 12:06:17 PM WIB 2024: Data download failed
Tue Sep  3 12:16:19 PM WIB 2024: Data download failed
Tue Sep  3 12:26:20 PM WIB 2024: Data download failed
Tue Sep  3 12:36:22 PM WIB 2024: Data download failed
Tue Sep  3 12:46:24 PM WIB 2024: Data download failed
Tue Sep  3 12:56:26 PM WIB 2024: Data download failed
Tue Sep  3 01:06:27 PM WIB 2024: Data download failed
Tue Sep  3 01:16:29 PM WIB 2024: Data download failed
Tue Sep  3 01:26:31 PM WIB 2024: Data download failed
Tue Sep  3 01:36:32 PM WIB 2024: Data download failed
Tue Sep  3 01:46:34 PM WIB 2024: Data download failed
Tue Sep  3 01:56:36 PM WIB 2024: Data download failed
Tue Sep  3 02:06:38 PM WIB 2024: Data download failed
Tue Sep  3 02:16:39 PM WIB 2024: Data download failed
Tue Sep  3 02:26:41 PM WIB 2024: Data download failed
Tue Sep  3 02:36:43 PM WIB 2024: Data download failed
Tue Sep  3 02:46:45 PM WIB 2024: Data download failed
Tue Sep  3 02:56:46 PM WIB 2024: Data download failed
Tue Sep  3 03:06:48 PM WIB 2024: Data download failed
Tue Sep  3 03:16:50 PM WIB 2024: Data download failed
Tue Sep  3 03:26:52 PM WIB 2024: Data download failed
Tue Sep  3 03:36:53 PM WIB 2024: Data download failed
