Tue Oct 29 05:26:15 PM WIB 2024: Data download succeeded
Tue Oct 29 05:36:28 PM WIB 2024: Data download succeeded
Tue Oct 29 05:46:41 PM WIB 2024: Data download succeeded
Tue Oct 29 05:56:54 PM WIB 2024: Data download succeeded
Tue Oct 29 06:07:07 PM WIB 2024: Data download succeeded
Tue Oct 29 06:17:20 PM WIB 2024: Data download succeeded
Tue Oct 29 06:27:32 PM WIB 2024: Data download succeeded
Tue Oct 29 06:37:45 PM WIB 2024: Data download succeeded
Tue Oct 29 06:47:58 PM WIB 2024: Data download succeeded
Tue Oct 29 06:58:10 PM WIB 2024: Data download succeeded
Tue Oct 29 07:08:24 PM WIB 2024: Data download succeeded
Tue Oct 29 07:18:37 PM WIB 2024: Data download succeeded
Tue Oct 29 07:28:49 PM WIB 2024: Data download succeeded
Tue Oct 29 07:39:02 PM WIB 2024: Data download succeeded
Tue Oct 29 07:49:15 PM WIB 2024: Data download succeeded
Tue Oct 29 07:59:28 PM WIB 2024: Data download succeeded
Tue Oct 29 08:09:41 PM WIB 2024: Data download succeeded
Tue Oct 29 08:19:54 PM WIB 2024: Data download succeeded
Tue Oct 29 08:30:07 PM WIB 2024: Data download succeeded
Tue Oct 29 08:40:19 PM WIB 2024: Data download succeeded
Tue Oct 29 08:50:32 PM WIB 2024: Data download succeeded
Tue Oct 29 09:00:44 PM WIB 2024: Data download succeeded
Tue Oct 29 09:10:57 PM WIB 2024: Data download succeeded
Tue Oct 29 09:21:10 PM WIB 2024: Data download succeeded
Tue Oct 29 09:31:22 PM WIB 2024: Data download succeeded
Tue Oct 29 09:41:35 PM WIB 2024: Data download succeeded
Tue Oct 29 09:51:48 PM WIB 2024: Data download succeeded
Tue Oct 29 10:02:00 PM WIB 2024: Data download succeeded
Tue Oct 29 10:12:13 PM WIB 2024: Data download succeeded
Tue Oct 29 10:22:26 PM WIB 2024: Data download succeeded
Tue Oct 29 10:32:38 PM WIB 2024: Data download succeeded
Tue Oct 29 10:42:51 PM WIB 2024: Data download succeeded
Tue Oct 29 10:53:04 PM WIB 2024: Data download succeeded
Tue Oct 29 11:03:17 PM WIB 2024: Data download succeeded
Tue Oct 29 11:13:29 PM WIB 2024: Data download succeeded
Tue Oct 29 11:23:42 PM WIB 2024: Data download succeeded
Tue Oct 29 11:33:55 PM WIB 2024: Data download succeeded
Tue Oct 29 11:44:08 PM WIB 2024: Data download succeeded
Tue Oct 29 11:54:21 PM WIB 2024: Data download succeeded
Wed Oct 30 12:04:34 AM WIB 2024: Data download succeeded
Wed Oct 30 12:14:47 AM WIB 2024: Data download succeeded
Wed Oct 30 12:25:00 AM WIB 2024: Data download succeeded
Wed Oct 30 12:35:12 AM WIB 2024: Data download succeeded
Wed Oct 30 12:45:25 AM WIB 2024: Data download succeeded
Wed Oct 30 12:55:38 AM WIB 2024: Data download succeeded
Wed Oct 30 01:05:51 AM WIB 2024: Data download succeeded
Wed Oct 30 01:16:03 AM WIB 2024: Data download succeeded
Wed Oct 30 01:26:16 AM WIB 2024: Data download succeeded
Wed Oct 30 01:36:29 AM WIB 2024: Data download succeeded
Wed Oct 30 01:46:41 AM WIB 2024: Data download succeeded
Wed Oct 30 01:56:54 AM WIB 2024: Data download succeeded
Wed Oct 30 02:07:07 AM WIB 2024: Data download succeeded
Wed Oct 30 02:17:19 AM WIB 2024: Data download succeeded
Wed Oct 30 02:27:32 AM WIB 2024: Data download succeeded
Wed Oct 30 02:37:45 AM WIB 2024: Data download succeeded
Wed Oct 30 02:47:58 AM WIB 2024: Data download succeeded
Wed Oct 30 02:58:11 AM WIB 2024: Data download succeeded
Wed Oct 30 03:08:23 AM WIB 2024: Data download succeeded
Wed Oct 30 03:18:36 AM WIB 2024: Data download succeeded
Wed Oct 30 03:28:48 AM WIB 2024: Data download succeeded
Wed Oct 30 03:39:01 AM WIB 2024: Data download succeeded
Wed Oct 30 03:49:14 AM WIB 2024: Data download succeeded
Wed Oct 30 03:59:27 AM WIB 2024: Data download succeeded
Wed Oct 30 04:09:39 AM WIB 2024: Data download succeeded
Wed Oct 30 04:19:52 AM WIB 2024: Data download succeeded
Wed Oct 30 04:30:05 AM WIB 2024: Data download succeeded
Wed Oct 30 04:40:18 AM WIB 2024: Data download succeeded
Wed Oct 30 04:50:30 AM WIB 2024: Data download succeeded
Wed Oct 30 05:00:43 AM WIB 2024: Data download succeeded
Wed Oct 30 05:10:56 AM WIB 2024: Data download succeeded
Wed Oct 30 05:21:08 AM WIB 2024: Data download succeeded
Wed Oct 30 05:31:21 AM WIB 2024: Data download succeeded
Wed Oct 30 05:41:34 AM WIB 2024: Data download succeeded
Wed Oct 30 05:51:47 AM WIB 2024: Data download succeeded
Wed Oct 30 06:02:00 AM WIB 2024: Data download succeeded
Wed Oct 30 06:12:12 AM WIB 2024: Data download succeeded
Wed Oct 30 06:22:25 AM WIB 2024: Data download succeeded
Wed Oct 30 06:32:38 AM WIB 2024: Data download succeeded
Wed Oct 30 06:42:51 AM WIB 2024: Data download succeeded
Wed Oct 30 06:53:03 AM WIB 2024: Data download succeeded
Wed Oct 30 07:03:16 AM WIB 2024: Data download succeeded
Wed Oct 30 07:13:29 AM WIB 2024: Data download succeeded
Wed Oct 30 07:23:42 AM WIB 2024: Data download succeeded
Wed Oct 30 07:33:55 AM WIB 2024: Data download succeeded
Wed Oct 30 07:44:08 AM WIB 2024: Data download succeeded
Wed Oct 30 07:54:20 AM WIB 2024: Data download succeeded
Wed Oct 30 08:04:33 AM WIB 2024: Data download succeeded
Wed Oct 30 08:14:46 AM WIB 2024: Data download succeeded
Wed Oct 30 08:24:59 AM WIB 2024: Data download succeeded
Wed Oct 30 08:35:12 AM WIB 2024: Data download succeeded
Wed Oct 30 08:45:25 AM WIB 2024: Data download succeeded
Wed Oct 30 08:55:37 AM WIB 2024: Data download succeeded
Wed Oct 30 09:05:50 AM WIB 2024: Data download succeeded
Wed Oct 30 09:16:03 AM WIB 2024: Data download succeeded
Wed Oct 30 09:26:15 AM WIB 2024: Data download succeeded
Wed Oct 30 09:36:28 AM WIB 2024: Data download succeeded
Wed Oct 30 09:46:41 AM WIB 2024: Data download succeeded
Wed Oct 30 09:56:54 AM WIB 2024: Data download succeeded
Wed Oct 30 10:07:06 AM WIB 2024: Data download succeeded
Wed Oct 30 10:17:19 AM WIB 2024: Data download succeeded
Wed Oct 30 10:27:32 AM WIB 2024: Data download succeeded
Wed Oct 30 10:37:45 AM WIB 2024: Data download succeeded
Wed Oct 30 10:47:57 AM WIB 2024: Data download succeeded
Wed Oct 30 10:58:10 AM WIB 2024: Data download succeeded
Wed Oct 30 11:08:23 AM WIB 2024: Data download succeeded
Wed Oct 30 11:18:36 AM WIB 2024: Data download succeeded
Wed Oct 30 11:28:48 AM WIB 2024: Data download succeeded
Wed Oct 30 11:39:01 AM WIB 2024: Data download succeeded
Wed Oct 30 11:49:14 AM WIB 2024: Data download succeeded
Wed Oct 30 11:59:27 AM WIB 2024: Data download succeeded
Wed Oct 30 12:09:39 PM WIB 2024: Data download succeeded
Wed Oct 30 12:19:52 PM WIB 2024: Data download succeeded
Wed Oct 30 12:30:05 PM WIB 2024: Data download succeeded
Wed Oct 30 12:40:18 PM WIB 2024: Data download succeeded
Wed Oct 30 12:50:31 PM WIB 2024: Data download succeeded
Wed Oct 30 01:00:44 PM WIB 2024: Data download succeeded
Wed Oct 30 01:10:56 PM WIB 2024: Data download succeeded
Wed Oct 30 01:21:09 PM WIB 2024: Data download succeeded
Wed Oct 30 01:31:22 PM WIB 2024: Data download succeeded
Wed Oct 30 01:41:35 PM WIB 2024: Data download succeeded
Wed Oct 30 01:51:48 PM WIB 2024: Data download succeeded
Wed Oct 30 02:02:00 PM WIB 2024: Data download succeeded
Wed Oct 30 02:12:13 PM WIB 2024: Data download succeeded
Wed Oct 30 02:22:26 PM WIB 2024: Data download succeeded
Wed Oct 30 02:32:39 PM WIB 2024: Data download succeeded
Wed Oct 30 02:42:52 PM WIB 2024: Data download succeeded
Wed Oct 30 02:53:05 PM WIB 2024: Data download succeeded
Wed Oct 30 03:03:17 PM WIB 2024: Data download succeeded
Wed Oct 30 03:13:30 PM WIB 2024: Data download succeeded
Wed Oct 30 03:23:43 PM WIB 2024: Data download succeeded
Wed Oct 30 03:33:56 PM WIB 2024: Data download succeeded
Wed Oct 30 03:44:09 PM WIB 2024: Data download succeeded
Wed Oct 30 03:54:21 PM WIB 2024: Data download succeeded
Wed Oct 30 04:04:34 PM WIB 2024: Data download succeeded
Wed Oct 30 04:14:47 PM WIB 2024: Data download succeeded
Wed Oct 30 04:25:00 PM WIB 2024: Data download succeeded
Wed Oct 30 04:35:12 PM WIB 2024: Data download succeeded
Wed Oct 30 04:45:25 PM WIB 2024: Data download succeeded
Wed Oct 30 04:55:38 PM WIB 2024: Data download succeeded
Wed Oct 30 05:05:50 PM WIB 2024: Data download succeeded
Wed Oct 30 05:16:03 PM WIB 2024: Data download succeeded
Wed Oct 30 05:26:16 PM WIB 2024: Data download succeeded
Wed Oct 30 05:36:29 PM WIB 2024: Data download succeeded
Wed Oct 30 05:46:42 PM WIB 2024: Data download succeeded
Wed Oct 30 05:56:55 PM WIB 2024: Data download succeeded
Wed Oct 30 06:07:07 PM WIB 2024: Data download succeeded
Wed Oct 30 06:17:20 PM WIB 2024: Data download succeeded
Wed Oct 30 06:27:32 PM WIB 2024: Data download succeeded
Wed Oct 30 06:37:45 PM WIB 2024: Data download succeeded
Wed Oct 30 06:47:58 PM WIB 2024: Data download succeeded
Wed Oct 30 06:58:11 PM WIB 2024: Data download succeeded
Wed Oct 30 07:08:23 PM WIB 2024: Data download succeeded
Wed Oct 30 07:18:36 PM WIB 2024: Data download succeeded
Wed Oct 30 07:28:49 PM WIB 2024: Data download succeeded
Wed Oct 30 07:39:01 PM WIB 2024: Data download succeeded
Wed Oct 30 07:49:14 PM WIB 2024: Data download succeeded
Wed Oct 30 07:59:27 PM WIB 2024: Data download succeeded
Wed Oct 30 08:09:40 PM WIB 2024: Data download succeeded
Wed Oct 30 08:19:53 PM WIB 2024: Data download succeeded
Wed Oct 30 08:30:06 PM WIB 2024: Data download succeeded
Wed Oct 30 08:40:18 PM WIB 2024: Data download succeeded
Wed Oct 30 08:50:31 PM WIB 2024: Data download succeeded
Wed Oct 30 09:00:44 PM WIB 2024: Data download succeeded
Wed Oct 30 09:10:57 PM WIB 2024: Data download succeeded
Wed Oct 30 09:21:09 PM WIB 2024: Data download succeeded
Wed Oct 30 09:31:22 PM WIB 2024: Data download succeeded
Wed Oct 30 09:41:35 PM WIB 2024: Data download succeeded
Wed Oct 30 09:51:48 PM WIB 2024: Data download succeeded
Wed Oct 30 10:02:00 PM WIB 2024: Data download succeeded
Wed Oct 30 10:12:13 PM WIB 2024: Data download succeeded
Wed Oct 30 10:22:26 PM WIB 2024: Data download succeeded
Wed Oct 30 10:32:38 PM WIB 2024: Data download succeeded
Wed Oct 30 10:42:51 PM WIB 2024: Data download succeeded
Wed Oct 30 10:53:04 PM WIB 2024: Data download succeeded
Wed Oct 30 11:03:17 PM WIB 2024: Data download succeeded
Wed Oct 30 11:13:29 PM WIB 2024: Data download succeeded
Wed Oct 30 11:23:42 PM WIB 2024: Data download succeeded
Wed Oct 30 11:33:55 PM WIB 2024: Data download succeeded
Wed Oct 30 11:44:08 PM WIB 2024: Data download succeeded
Wed Oct 30 11:54:20 PM WIB 2024: Data download succeeded
Thu Oct 31 12:04:33 AM WIB 2024: Data download succeeded
Thu Oct 31 12:14:46 AM WIB 2024: Data download succeeded
Thu Oct 31 12:24:58 AM WIB 2024: Data download succeeded
Thu Oct 31 12:35:11 AM WIB 2024: Data download succeeded
Thu Oct 31 12:45:24 AM WIB 2024: Data download succeeded
Thu Oct 31 12:55:37 AM WIB 2024: Data download succeeded
Thu Oct 31 01:05:49 AM WIB 2024: Data download succeeded
Thu Oct 31 01:16:02 AM WIB 2024: Data download succeeded
Thu Oct 31 01:26:15 AM WIB 2024: Data download succeeded
Thu Oct 31 01:36:28 AM WIB 2024: Data download succeeded
Thu Oct 31 01:46:41 AM WIB 2024: Data download succeeded
Thu Oct 31 01:56:53 AM WIB 2024: Data download succeeded
Thu Oct 31 02:07:06 AM WIB 2024: Data download succeeded
Thu Oct 31 02:17:19 AM WIB 2024: Data download succeeded
Thu Oct 31 02:27:31 AM WIB 2024: Data download succeeded
Thu Oct 31 02:37:44 AM WIB 2024: Data download succeeded
Thu Oct 31 02:47:57 AM WIB 2024: Data download succeeded
Thu Oct 31 02:58:10 AM WIB 2024: Data download succeeded
Thu Oct 31 03:08:22 AM WIB 2024: Data download succeeded
Thu Oct 31 03:18:35 AM WIB 2024: Data download succeeded
Thu Oct 31 03:28:48 AM WIB 2024: Data download succeeded
Thu Oct 31 03:39:00 AM WIB 2024: Data download succeeded
Thu Oct 31 03:49:13 AM WIB 2024: Data download succeeded
Thu Oct 31 03:59:26 AM WIB 2024: Data download succeeded
Thu Oct 31 04:09:40 AM WIB 2024: Data download succeeded
Thu Oct 31 04:19:53 AM WIB 2024: Data download succeeded
Thu Oct 31 04:30:05 AM WIB 2024: Data download succeeded
Thu Oct 31 04:40:18 AM WIB 2024: Data download succeeded
Thu Oct 31 04:50:31 AM WIB 2024: Data download succeeded
Thu Oct 31 05:00:44 AM WIB 2024: Data download succeeded
Thu Oct 31 05:10:57 AM WIB 2024: Data download succeeded
Thu Oct 31 05:21:10 AM WIB 2024: Data download succeeded
Thu Oct 31 05:31:23 AM WIB 2024: Data download succeeded
Thu Oct 31 05:41:36 AM WIB 2024: Data download succeeded
Thu Oct 31 05:51:48 AM WIB 2024: Data download succeeded
Thu Oct 31 06:02:01 AM WIB 2024: Data download succeeded
Thu Oct 31 06:12:14 AM WIB 2024: Data download succeeded
Thu Oct 31 06:22:27 AM WIB 2024: Data download succeeded
Thu Oct 31 06:32:39 AM WIB 2024: Data download succeeded
Thu Oct 31 06:42:52 AM WIB 2024: Data download succeeded
Thu Oct 31 06:53:05 AM WIB 2024: Data download succeeded
Thu Oct 31 07:03:18 AM WIB 2024: Data download succeeded
Thu Oct 31 07:13:31 AM WIB 2024: Data download succeeded
Thu Oct 31 07:23:44 AM WIB 2024: Data download succeeded
Thu Oct 31 07:33:57 AM WIB 2024: Data download succeeded
Thu Oct 31 07:44:10 AM WIB 2024: Data download succeeded
Thu Oct 31 07:54:22 AM WIB 2024: Data download succeeded
Thu Oct 31 08:04:35 AM WIB 2024: Data download succeeded
Thu Oct 31 08:14:48 AM WIB 2024: Data download succeeded
Thu Oct 31 08:25:01 AM WIB 2024: Data download succeeded
Thu Oct 31 08:35:13 AM WIB 2024: Data download succeeded
Thu Oct 31 08:45:26 AM WIB 2024: Data download succeeded
Thu Oct 31 08:55:39 AM WIB 2024: Data download succeeded
Thu Oct 31 09:05:51 AM WIB 2024: Data download succeeded
Thu Oct 31 09:16:04 AM WIB 2024: Data download succeeded
Thu Oct 31 09:26:17 AM WIB 2024: Data download succeeded
Thu Oct 31 09:36:30 AM WIB 2024: Data download succeeded
Thu Oct 31 09:46:43 AM WIB 2024: Data download succeeded
Thu Oct 31 09:56:55 AM WIB 2024: Data download succeeded
Thu Oct 31 10:07:08 AM WIB 2024: Data download succeeded
Thu Oct 31 10:17:21 AM WIB 2024: Data download succeeded
Thu Oct 31 10:27:34 AM WIB 2024: Data download succeeded
Thu Oct 31 10:37:46 AM WIB 2024: Data download succeeded
Thu Oct 31 10:47:59 AM WIB 2024: Data download succeeded
Thu Oct 31 10:58:12 AM WIB 2024: Data download succeeded
Thu Oct 31 11:08:24 AM WIB 2024: Data download succeeded
Thu Oct 31 11:18:38 AM WIB 2024: Data download succeeded
Thu Oct 31 11:28:50 AM WIB 2024: Data download succeeded
Thu Oct 31 11:39:03 AM WIB 2024: Data download succeeded
Thu Oct 31 11:49:16 AM WIB 2024: Data download succeeded
Thu Oct 31 11:59:29 AM WIB 2024: Data download succeeded
Thu Oct 31 12:12:40 PM WIB 2024: Data download succeeded
Thu Oct 31 12:22:56 PM WIB 2024: Data download succeeded
