2025-05-29 21:00:41,591 - freqtrade.loggers - INFO - Enabling colorized output.
2025-05-29 21:00:41,592 - root - INFO - Logfile configured
2025-05-29 21:00:41,592 - freqtrade.loggers - INFO - Verbosity set to 1
2025-05-29 21:00:41,593 - freqtrade.configuration.configuration - INFO - Runmode set to live.
2025-05-29 21:00:41,593 - freqtrade.configuration.configuration - INFO - Dry run is disabled
2025-05-29 21:00:41,594 - freqtrade.configuration.configuration - INFO - Using DB: "sqlite:///tradesv3.sqlite"
2025-05-29 21:00:41,594 - freqtrade.configuration.configuration - INFO - Using max_open_trades: 1 ...
2025-05-29 21:00:41,595 - freqtrade.configuration.configuration - INFO - Using user-data directory: /allah/stuff/freq/project_2/user_data ...
2025-05-29 21:00:41,595 - freqtrade.configuration.configuration - INFO - Using data directory: /allah/stuff/freq/project_2/user_data/data/binance ...
2025-05-29 21:00:41,596 - freqtrade.exchange.check_exchange - INFO - Checking exchange...
2025-05-29 21:00:41,605 - freqtrade.exchange.check_exchange - INFO - Exchange "binance" is officially supported by the Freqtrade development team.
2025-05-29 21:00:41,606 - freqtrade.configuration.configuration - INFO - Using pairlist from configuration.
2025-05-29 21:00:41,615 - freqtrade.resolvers.iresolver - INFO - Using resolved strategy SimpleTestStrategy from '/allah/stuff/freq/project_2/user_data/strategies/Test5sStrategy.py'...
2025-05-29 21:00:41,616 - freqtrade.strategy.hyper - INFO - Found no parameter file.
2025-05-29 21:00:41,616 - freqtrade.resolvers.strategy_resolver - INFO - Override strategy 'timeframe' with value in config file: 5s.
2025-05-29 21:00:41,617 - freqtrade.resolvers.strategy_resolver - INFO - Override strategy 'order_types' with value in config file: {'entry': 'market', 'exit': 'market', 'stoploss': 'market', 'stoploss_on_exchange': True}.
2025-05-29 21:00:41,617 - freqtrade.resolvers.strategy_resolver - INFO - Override strategy 'stake_currency' with value in config file: USDT.
2025-05-29 21:00:41,618 - freqtrade.resolvers.strategy_resolver - INFO - Override strategy 'stake_amount' with value in config file: unlimited.
2025-05-29 21:00:41,618 - freqtrade.resolvers.strategy_resolver - INFO - Override strategy 'unfilledtimeout' with value in config file: {'entry': 1, 'exit': 1, 'exit_timeout_count': 0, 'unit': 'minutes'}.
2025-05-29 21:00:41,619 - freqtrade.resolvers.strategy_resolver - INFO - Override strategy 'max_open_trades' with value in config file: 1.
2025-05-29 21:00:41,619 - freqtrade.resolvers.strategy_resolver - INFO - Strategy using minimal_roi: {'0': 0.01, '10': 0.005, '30': 0}
2025-05-29 21:00:41,619 - freqtrade.resolvers.strategy_resolver - INFO - Strategy using timeframe: 5s
2025-05-29 21:00:41,620 - freqtrade.resolvers.strategy_resolver - INFO - Strategy using stoploss: -0.01
2025-05-29 21:00:41,620 - freqtrade.resolvers.strategy_resolver - INFO - Strategy using trailing_stop: False
2025-05-29 21:00:41,621 - freqtrade.resolvers.strategy_resolver - INFO - Strategy using trailing_stop_positive_offset: 0.0
2025-05-29 21:00:41,621 - freqtrade.resolvers.strategy_resolver - INFO - Strategy using trailing_only_offset_is_reached: False
2025-05-29 21:00:41,622 - freqtrade.resolvers.strategy_resolver - INFO - Strategy using use_custom_stoploss: False
2025-05-29 21:00:41,622 - freqtrade.resolvers.strategy_resolver - INFO - Strategy using process_only_new_candles: True
2025-05-29 21:00:41,623 - freqtrade.resolvers.strategy_resolver - INFO - Strategy using order_types: {'entry': 'market', 'exit': 'market', 'stoploss': 'market', 'stoploss_on_exchange': True}
2025-05-29 21:00:41,623 - freqtrade.resolvers.strategy_resolver - INFO - Strategy using order_time_in_force: {'entry': 'GTC', 'exit': 'GTC'}
2025-05-29 21:00:41,624 - freqtrade.resolvers.strategy_resolver - INFO - Strategy using stake_currency: USDT
2025-05-29 21:00:41,624 - freqtrade.resolvers.strategy_resolver - INFO - Strategy using stake_amount: unlimited
2025-05-29 21:00:41,624 - freqtrade.resolvers.strategy_resolver - INFO - Strategy using startup_candle_count: 2
2025-05-29 21:00:41,625 - freqtrade.resolvers.strategy_resolver - INFO - Strategy using unfilledtimeout: {'entry': 1, 'exit': 1, 'exit_timeout_count': 0, 'unit': 'minutes'}
2025-05-29 21:00:41,625 - freqtrade.resolvers.strategy_resolver - INFO - Strategy using use_exit_signal: True
2025-05-29 21:00:41,626 - freqtrade.resolvers.strategy_resolver - INFO - Strategy using exit_profit_only: False
2025-05-29 21:00:41,626 - freqtrade.resolvers.strategy_resolver - INFO - Strategy using ignore_roi_if_entry_signal: False
2025-05-29 21:00:41,627 - freqtrade.resolvers.strategy_resolver - INFO - Strategy using exit_profit_offset: 0.0
2025-05-29 21:00:41,627 - freqtrade.resolvers.strategy_resolver - INFO - Strategy using disable_dataframe_checks: False
2025-05-29 21:00:41,628 - freqtrade.resolvers.strategy_resolver - INFO - Strategy using ignore_buying_expired_candle_after: 0
2025-05-29 21:00:41,628 - freqtrade.resolvers.strategy_resolver - INFO - Strategy using position_adjustment_enable: False
2025-05-29 21:00:41,629 - freqtrade.resolvers.strategy_resolver - INFO - Strategy using max_entry_position_adjustment: -1
2025-05-29 21:00:41,629 - freqtrade.resolvers.strategy_resolver - INFO - Strategy using max_open_trades: 1
2025-05-29 21:00:41,630 - freqtrade.configuration.config_validation - INFO - Validating configuration ...
2025-05-29 21:00:41,633 - freqtrade.freqtradebot - INFO - 🔧 Enabling 5s timeframe support for local database integration
2025-05-29 21:00:41,633 - freqtrade.freqtradebot - INFO - ✅ Patched ccxt.binance.timeframes to include '5s'
2025-05-29 21:00:41,634 - freqtrade.exchange.exchange - INFO - Using CCXT 4.4.82
2025-05-29 21:00:41,634 - freqtrade.exchange.exchange - INFO - Applying additional ccxt config: {'options': {'defaultType': 'swap'}, 'aiohttp_proxy': '', 'proxies': {'http': '', 'https': ''}}
2025-05-29 21:00:41,642 - freqtrade.exchange.exchange - INFO - Applying additional ccxt config: {'options': {'defaultType': 'swap'}, 'aiohttp_proxy': '', 'proxies': {'http': '', 'https': ''}}
2025-05-29 21:00:41,651 - freqtrade.exchange.exchange - INFO - Using Exchange "Binance"
2025-05-29 21:00:46,457 - freqtrade.resolvers.exchange_resolver - INFO - Using resolved exchange 'Binance'...
2025-05-29 21:00:46,711 - freqtrade.wallets - INFO - Wallets synced.
2025-05-29 21:00:46,711 - freqtrade.freqtradebot - INFO - 🔧 About to create RPCManager...
2025-05-29 21:00:46,788 - freqtrade.freqtradebot - INFO - ✅ RPCManager created successfully
2025-05-29 21:00:46,788 - freqtrade.freqtradebot - INFO - 🔧 About to create CustomDataProvider5s...
2025-05-29 21:00:46,789 - freqtrade.data.custom_dataprovider_5s - INFO - 🚀 CustomDataProvider5s starting initialization...
2025-05-29 21:00:46,790 - freqtrade.data.custom_dataprovider_5s - INFO - ✅ Parent DataProvider initialized
2025-05-29 21:00:46,790 - freqtrade.data.custom_dataprovider_5s - INFO - ✅ Found database: /allah/data/tv_candles.db
2025-05-29 21:00:46,791 - freqtrade.data.custom_dataprovider_5s - INFO - 🎯 CustomDataProvider5s initialization complete!
2025-05-29 21:00:46,791 - freqtrade.freqtradebot - INFO - ✅ CustomDataProvider5s created successfully
2025-05-29 21:00:46,792 - freqtrade.freqtradebot - INFO - 🔧 About to create PairListManager...
2025-05-29 21:00:46,798 - freqtrade.resolvers.iresolver - INFO - Using resolved pairlist StaticPairList from '/allah/freqtrade/freqtrade/plugins/pairlist/StaticPairList.py'...
2025-05-29 21:00:46,798 - freqtrade.freqtradebot - INFO - ✅ PairListManager created successfully
2025-05-29 21:00:46,799 - freqtrade.freqtradebot - INFO - 🔧 Adding pairlisthandler to dataprovider...
2025-05-29 21:00:46,799 - freqtrade.freqtradebot - INFO - ✅ Pairlisthandler added successfully
2025-05-29 21:00:46,800 - freqtrade.freqtradebot - INFO - 🔧 Attaching dataprovider to strategy...
2025-05-29 21:00:46,800 - freqtrade.freqtradebot - INFO - ✅ Dataprovider and wallets attached to strategy
2025-05-29 21:00:46,801 - freqtrade.freqtradebot - INFO - 🔧 Checking if Edge is enabled...
2025-05-29 21:00:46,801 - freqtrade.freqtradebot - INFO - ✅ Edge initialization: disabled
2025-05-29 21:00:46,802 - freqtrade.freqtradebot - INFO - 🔧 Checking if ExternalMessageConsumer is enabled...
2025-05-29 21:00:46,802 - freqtrade.freqtradebot - INFO - ✅ ExternalMessageConsumer: disabled
2025-05-29 21:00:46,803 - freqtrade.freqtradebot - INFO - 🔧 About to start initial pairlist refresh...
2025-05-29 21:00:46,803 - freqtrade.freqtradebot - INFO - Starting initial pairlist refresh
2025-05-29 21:00:46,804 - freqtrade.freqtradebot - INFO - 🔧 Calling _refresh_active_whitelist()...
2025-05-29 21:00:46,816 - freqtrade.plugins.pairlistmanager - INFO - Whitelist with 1 pairs: ['ETH/USDT:USDT']
2025-05-29 21:00:46,817 - freqtrade.freqtradebot - INFO - ✅ _refresh_active_whitelist() completed, got 1 pairs
2025-05-29 21:00:46,817 - freqtrade.freqtradebot - INFO - Initial Pairlist refresh took 0.01s
2025-05-29 21:00:46,819 - freqtrade.strategy.hyper - INFO - No params for buy found, using default values.
2025-05-29 21:00:46,819 - freqtrade.strategy.hyper - INFO - No params for sell found, using default values.
2025-05-29 21:00:46,820 - freqtrade.strategy.hyper - INFO - No params for protection found, using default values.
2025-05-29 21:00:46,821 - freqtrade.plugins.protectionmanager - INFO - No protection Handlers defined.
2025-05-29 21:00:46,821 - freqtrade.rpc.rpc_manager - INFO - Sending rpc message: {'type': status, 'status': 'running'}
2025-05-29 21:00:46,821 - freqtrade.worker - INFO - Changing state to: RUNNING
2025-05-29 21:00:46,829 - freqtrade.rpc.rpc_manager - INFO - Sending rpc message: {'type': startup, 'status': "*Exchange:* `binance`\n*Stake per trade:* `unlimited USDT`\n*Minimum ROI:* `{'0': 0.01, '10': 0.005, '30': 0}`\n*Stoploss:* `-0.01`\n*Position adjustment:* `Off`\n*Timeframe:* `5s`\n*Strategy:* `SimpleTestStrategy`"}
2025-05-29 21:00:46,830 - freqtrade.rpc.rpc_manager - INFO - Sending rpc message: {'type': startup, 'status': "Searching for USDT pairs to buy and sell based on [{'StaticPairList': 'StaticPairList'}]"}
2025-05-29 21:00:46,838 - freqtrade.freqtradebot - INFO - Updating 0 open orders.
2025-05-29 21:00:46,866 - Test5sStrategy - DEBUG - 📈 77 historical signals (not actionable)
2025-05-29 21:00:46,870 - Test5sStrategy - DEBUG - 📉 114 historical exit signals (not actionable)
2025-05-29 21:00:46,875 - freqtrade.data.custom_dataprovider_5s - INFO - 🧮 Running strategy indicators for ETH/USDT:USDT (500 candles) - NEW DATA DETECTED
2025-05-29 21:00:47,839 - freqtrade.worker - INFO - Bot heartbeat. PID=1001713, version='2025.5-dev-0928d093c', state='RUNNING'
2025-05-29 21:01:02,153 - freqtrade.wallets - INFO - Wallets synced.
2025-05-29 21:06:43,138 - freqtrade.loggers - INFO - Enabling colorized output.
2025-05-29 21:06:43,139 - root - INFO - Logfile configured
2025-05-29 21:06:43,139 - freqtrade.loggers - INFO - Verbosity set to 1
2025-05-29 21:06:43,140 - freqtrade.configuration.configuration - INFO - Runmode set to live.
2025-05-29 21:06:43,140 - freqtrade.configuration.configuration - INFO - Dry run is disabled
2025-05-29 21:06:43,141 - freqtrade.configuration.configuration - INFO - Using DB: "sqlite:///tradesv3.sqlite"
2025-05-29 21:06:43,141 - freqtrade.configuration.configuration - INFO - Using max_open_trades: 1 ...
2025-05-29 21:06:43,142 - freqtrade.configuration.configuration - INFO - Using user-data directory: /allah/stuff/freq/project_2/user_data ...
2025-05-29 21:06:43,142 - freqtrade.configuration.configuration - INFO - Using data directory: /allah/stuff/freq/project_2/user_data/data/binance ...
2025-05-29 21:06:43,143 - freqtrade.exchange.check_exchange - INFO - Checking exchange...
2025-05-29 21:06:43,156 - freqtrade.exchange.check_exchange - INFO - Exchange "binance" is officially supported by the Freqtrade development team.
2025-05-29 21:06:43,156 - freqtrade.configuration.configuration - INFO - Using pairlist from configuration.
2025-05-29 21:06:43,170 - freqtrade.resolvers.iresolver - INFO - Using resolved strategy SimpleTestStrategy from '/allah/stuff/freq/project_2/user_data/strategies/Test5sStrategy.py'...
2025-05-29 21:06:43,171 - freqtrade.strategy.hyper - INFO - Found no parameter file.
2025-05-29 21:06:43,171 - freqtrade.resolvers.strategy_resolver - INFO - Override strategy 'timeframe' with value in config file: 5s.
2025-05-29 21:06:43,172 - freqtrade.resolvers.strategy_resolver - INFO - Override strategy 'order_types' with value in config file: {'entry': 'market', 'exit': 'market', 'stoploss': 'market', 'stoploss_on_exchange': True}.
2025-05-29 21:06:43,172 - freqtrade.resolvers.strategy_resolver - INFO - Override strategy 'stake_currency' with value in config file: USDT.
2025-05-29 21:06:43,173 - freqtrade.resolvers.strategy_resolver - INFO - Override strategy 'stake_amount' with value in config file: unlimited.
2025-05-29 21:06:43,173 - freqtrade.resolvers.strategy_resolver - INFO - Override strategy 'unfilledtimeout' with value in config file: {'entry': 1, 'exit': 1, 'exit_timeout_count': 0, 'unit': 'minutes'}.
2025-05-29 21:06:43,174 - freqtrade.resolvers.strategy_resolver - INFO - Override strategy 'max_open_trades' with value in config file: 1.
2025-05-29 21:06:43,174 - freqtrade.resolvers.strategy_resolver - INFO - Strategy using minimal_roi: {'0': 0.01, '10': 0.005, '30': 0}
2025-05-29 21:06:43,175 - freqtrade.resolvers.strategy_resolver - INFO - Strategy using timeframe: 5s
2025-05-29 21:06:43,175 - freqtrade.resolvers.strategy_resolver - INFO - Strategy using stoploss: -0.01
2025-05-29 21:06:43,176 - freqtrade.resolvers.strategy_resolver - INFO - Strategy using trailing_stop: False
2025-05-29 21:06:43,176 - freqtrade.resolvers.strategy_resolver - INFO - Strategy using trailing_stop_positive_offset: 0.0
2025-05-29 21:06:43,177 - freqtrade.resolvers.strategy_resolver - INFO - Strategy using trailing_only_offset_is_reached: False
2025-05-29 21:06:43,177 - freqtrade.resolvers.strategy_resolver - INFO - Strategy using use_custom_stoploss: False
2025-05-29 21:06:43,177 - freqtrade.resolvers.strategy_resolver - INFO - Strategy using process_only_new_candles: True
2025-05-29 21:06:43,178 - freqtrade.resolvers.strategy_resolver - INFO - Strategy using order_types: {'entry': 'market', 'exit': 'market', 'stoploss': 'market', 'stoploss_on_exchange': True}
2025-05-29 21:06:43,178 - freqtrade.resolvers.strategy_resolver - INFO - Strategy using order_time_in_force: {'entry': 'GTC', 'exit': 'GTC'}
2025-05-29 21:06:43,179 - freqtrade.resolvers.strategy_resolver - INFO - Strategy using stake_currency: USDT
2025-05-29 21:06:43,179 - freqtrade.resolvers.strategy_resolver - INFO - Strategy using stake_amount: unlimited
2025-05-29 21:06:43,179 - freqtrade.resolvers.strategy_resolver - INFO - Strategy using startup_candle_count: 2
2025-05-29 21:06:43,180 - freqtrade.resolvers.strategy_resolver - INFO - Strategy using unfilledtimeout: {'entry': 1, 'exit': 1, 'exit_timeout_count': 0, 'unit': 'minutes'}
2025-05-29 21:06:43,180 - freqtrade.resolvers.strategy_resolver - INFO - Strategy using use_exit_signal: True
2025-05-29 21:06:43,181 - freqtrade.resolvers.strategy_resolver - INFO - Strategy using exit_profit_only: False
2025-05-29 21:06:43,181 - freqtrade.resolvers.strategy_resolver - INFO - Strategy using ignore_roi_if_entry_signal: False
2025-05-29 21:06:43,181 - freqtrade.resolvers.strategy_resolver - INFO - Strategy using exit_profit_offset: 0.0
2025-05-29 21:06:43,182 - freqtrade.resolvers.strategy_resolver - INFO - Strategy using disable_dataframe_checks: False
2025-05-29 21:06:43,182 - freqtrade.resolvers.strategy_resolver - INFO - Strategy using ignore_buying_expired_candle_after: 0
2025-05-29 21:06:43,183 - freqtrade.resolvers.strategy_resolver - INFO - Strategy using position_adjustment_enable: False
2025-05-29 21:06:43,183 - freqtrade.resolvers.strategy_resolver - INFO - Strategy using max_entry_position_adjustment: -1
2025-05-29 21:06:43,183 - freqtrade.resolvers.strategy_resolver - INFO - Strategy using max_open_trades: 1
2025-05-29 21:06:43,184 - freqtrade.configuration.config_validation - INFO - Validating configuration ...
2025-05-29 21:06:43,187 - freqtrade.freqtradebot - INFO - 🔧 Enabling 5s timeframe support for local database integration
2025-05-29 21:06:43,188 - freqtrade.freqtradebot - INFO - ✅ Patched ccxt.binance.timeframes to include '5s'
2025-05-29 21:06:43,189 - freqtrade.exchange.exchange - INFO - Using CCXT 4.4.82
2025-05-29 21:06:43,189 - freqtrade.exchange.exchange - INFO - Applying additional ccxt config: {'options': {'defaultType': 'swap'}, 'aiohttp_proxy': '', 'proxies': {'http': '', 'https': ''}}
2025-05-29 21:06:43,200 - freqtrade.exchange.exchange - INFO - Applying additional ccxt config: {'options': {'defaultType': 'swap'}, 'aiohttp_proxy': '', 'proxies': {'http': '', 'https': ''}}
2025-05-29 21:06:43,213 - freqtrade.exchange.exchange - INFO - Using Exchange "Binance"
2025-05-29 21:06:48,036 - freqtrade.resolvers.exchange_resolver - INFO - Using resolved exchange 'Binance'...
2025-05-29 21:06:48,289 - freqtrade.wallets - INFO - Wallets synced.
2025-05-29 21:06:48,290 - freqtrade.freqtradebot - INFO - 🔧 About to create RPCManager...
2025-05-29 21:06:48,369 - freqtrade.freqtradebot - INFO - ✅ RPCManager created successfully
2025-05-29 21:06:48,370 - freqtrade.freqtradebot - INFO - 🔧 About to create CustomDataProvider5s...
2025-05-29 21:06:48,370 - freqtrade.data.custom_dataprovider_5s - INFO - 🚀 CustomDataProvider5s starting initialization...
2025-05-29 21:06:48,371 - freqtrade.data.custom_dataprovider_5s - INFO - ✅ Parent DataProvider initialized
2025-05-29 21:06:48,371 - freqtrade.data.custom_dataprovider_5s - INFO - ✅ Found database: /allah/data/tv_candles.db
2025-05-29 21:06:48,372 - freqtrade.data.custom_dataprovider_5s - INFO - 🎯 CustomDataProvider5s initialization complete!
2025-05-29 21:06:48,372 - freqtrade.freqtradebot - INFO - ✅ CustomDataProvider5s created successfully
2025-05-29 21:06:48,373 - freqtrade.freqtradebot - INFO - 🔧 About to create PairListManager...
2025-05-29 21:06:48,379 - freqtrade.resolvers.iresolver - INFO - Using resolved pairlist StaticPairList from '/allah/freqtrade/freqtrade/plugins/pairlist/StaticPairList.py'...
2025-05-29 21:06:48,379 - freqtrade.freqtradebot - INFO - ✅ PairListManager created successfully
2025-05-29 21:06:48,380 - freqtrade.freqtradebot - INFO - 🔧 Adding pairlisthandler to dataprovider...
2025-05-29 21:06:48,380 - freqtrade.freqtradebot - INFO - ✅ Pairlisthandler added successfully
2025-05-29 21:06:48,381 - freqtrade.freqtradebot - INFO - 🔧 Attaching dataprovider to strategy...
2025-05-29 21:06:48,381 - freqtrade.freqtradebot - INFO - ✅ Dataprovider and wallets attached to strategy
2025-05-29 21:06:48,382 - freqtrade.freqtradebot - INFO - 🔧 Checking if Edge is enabled...
2025-05-29 21:06:48,382 - freqtrade.freqtradebot - INFO - ✅ Edge initialization: disabled
2025-05-29 21:06:48,383 - freqtrade.freqtradebot - INFO - 🔧 Checking if ExternalMessageConsumer is enabled...
2025-05-29 21:06:48,383 - freqtrade.freqtradebot - INFO - ✅ ExternalMessageConsumer: disabled
2025-05-29 21:06:48,383 - freqtrade.freqtradebot - INFO - 🔧 About to start initial pairlist refresh...
2025-05-29 21:06:48,384 - freqtrade.freqtradebot - INFO - Starting initial pairlist refresh
2025-05-29 21:06:48,384 - freqtrade.freqtradebot - INFO - 🔧 Calling _refresh_active_whitelist()...
2025-05-29 21:06:48,398 - freqtrade.plugins.pairlistmanager - INFO - Whitelist with 1 pairs: ['ETH/USDT:USDT']
2025-05-29 21:06:48,398 - freqtrade.freqtradebot - INFO - ✅ _refresh_active_whitelist() completed, got 1 pairs
2025-05-29 21:06:48,399 - freqtrade.freqtradebot - INFO - Initial Pairlist refresh took 0.01s
2025-05-29 21:06:48,400 - freqtrade.strategy.hyper - INFO - No params for buy found, using default values.
2025-05-29 21:06:48,401 - freqtrade.strategy.hyper - INFO - No params for sell found, using default values.
2025-05-29 21:06:48,401 - freqtrade.strategy.hyper - INFO - No params for protection found, using default values.
2025-05-29 21:06:48,402 - freqtrade.plugins.protectionmanager - INFO - No protection Handlers defined.
2025-05-29 21:06:48,403 - freqtrade.rpc.rpc_manager - INFO - Sending rpc message: {'type': status, 'status': 'running'}
2025-05-29 21:06:48,403 - freqtrade.worker - INFO - Changing state to: RUNNING
2025-05-29 21:06:48,412 - freqtrade.rpc.rpc_manager - INFO - Sending rpc message: {'type': startup, 'status': "*Exchange:* `binance`\n*Stake per trade:* `unlimited USDT`\n*Minimum ROI:* `{'0': 0.01, '10': 0.005, '30': 0}`\n*Stoploss:* `-0.01`\n*Position adjustment:* `Off`\n*Timeframe:* `5s`\n*Strategy:* `SimpleTestStrategy`"}
2025-05-29 21:06:48,412 - freqtrade.rpc.rpc_manager - INFO - Sending rpc message: {'type': startup, 'status': "Searching for USDT pairs to buy and sell based on [{'StaticPairList': 'StaticPairList'}]"}
2025-05-29 21:06:48,420 - freqtrade.freqtradebot - INFO - Updating 0 open orders.
2025-05-29 21:06:48,448 - Test5sStrategy - INFO - 🔧 POPULATE_INDICATORS called for ETH/USDT:USDT with 500 candles
2025-05-29 21:06:48,449 - Test5sStrategy - INFO - 🔧 POPULATE_ENTRY_TREND called for ETH/USDT:USDT with 500 candles
2025-05-29 21:06:48,452 - Test5sStrategy - INFO - 🎯 SIGNAL CHECK for ETH/USDT:USDT
2025-05-29 21:06:48,452 - Test5sStrategy - INFO -    Latest candle date: 2025-05-29 20:59:50+00:00
2025-05-29 21:06:48,453 - Test5sStrategy - INFO -    Latest enter_long value: False
2025-05-29 21:06:48,453 - Test5sStrategy - INFO -    Latest volume: 52.66
2025-05-29 21:06:48,453 - Test5sStrategy - INFO -    Previous 2 volume sum: 120.904
2025-05-29 21:06:48,454 - Test5sStrategy - DEBUG - 📈 77 historical signals (not actionable)
2025-05-29 21:06:48,455 - Test5sStrategy - INFO - 🔧 POPULATE_EXIT_TREND called for ETH/USDT:USDT with 500 candles
2025-05-29 21:06:48,457 - Test5sStrategy - DEBUG - 📉 114 historical exit signals (not actionable)
2025-05-29 21:06:48,463 - freqtrade.data.custom_dataprovider_5s - INFO - 🧮 Running strategy indicators for ETH/USDT:USDT (500 candles) - NEW DATA DETECTED
2025-05-29 21:06:48,467 - Test5sStrategy - INFO - 🔧 POPULATE_INDICATORS called for ETH/USDT:USDT with 500 candles
2025-05-29 21:06:48,469 - freqtrade.strategy.interface - WARNING - Outdated history for pair ETH/USDT:USDT. Last tick is 6 minutes old
2025-05-29 21:06:49,421 - freqtrade.worker - INFO - Bot heartbeat. PID=1027273, version='2025.5-dev-0928d093c', state='RUNNING'
2025-05-29 21:06:49,443 - freqtrade.strategy.interface - WARNING - Outdated history for pair ETH/USDT:USDT. Last tick is 6 minutes old
2025-05-29 21:06:51,022 - freqtrade.strategy.interface - WARNING - Outdated history for pair ETH/USDT:USDT. Last tick is 7 minutes old
2025-05-29 21:06:52,022 - freqtrade.strategy.interface - WARNING - Outdated history for pair ETH/USDT:USDT. Last tick is 7 minutes old
2025-05-29 21:06:53,022 - freqtrade.strategy.interface - WARNING - Outdated history for pair ETH/USDT:USDT. Last tick is 7 minutes old
2025-05-29 21:06:54,022 - freqtrade.strategy.interface - WARNING - Outdated history for pair ETH/USDT:USDT. Last tick is 7 minutes old
2025-05-29 21:06:56,021 - freqtrade.strategy.interface - WARNING - Outdated history for pair ETH/USDT:USDT. Last tick is 7 minutes old
2025-05-29 21:06:57,022 - freqtrade.strategy.interface - WARNING - Outdated history for pair ETH/USDT:USDT. Last tick is 7 minutes old
2025-05-29 21:06:58,021 - freqtrade.strategy.interface - WARNING - Outdated history for pair ETH/USDT:USDT. Last tick is 7 minutes old
2025-05-29 21:06:59,022 - freqtrade.strategy.interface - WARNING - Outdated history for pair ETH/USDT:USDT. Last tick is 7 minutes old
2025-05-29 21:07:01,021 - freqtrade.strategy.interface - WARNING - Outdated history for pair ETH/USDT:USDT. Last tick is 7 minutes old
2025-05-29 21:07:02,022 - freqtrade.strategy.interface - WARNING - Outdated history for pair ETH/USDT:USDT. Last tick is 7 minutes old
2025-05-29 21:07:03,022 - freqtrade.strategy.interface - WARNING - Outdated history for pair ETH/USDT:USDT. Last tick is 7 minutes old
2025-05-29 21:07:04,022 - freqtrade.strategy.interface - WARNING - Outdated history for pair ETH/USDT:USDT. Last tick is 7 minutes old
2025-05-29 21:07:06,021 - freqtrade.strategy.interface - WARNING - Outdated history for pair ETH/USDT:USDT. Last tick is 7 minutes old
2025-05-29 21:07:07,021 - freqtrade.strategy.interface - WARNING - Outdated history for pair ETH/USDT:USDT. Last tick is 7 minutes old
2025-05-29 21:07:08,020 - freqtrade.strategy.interface - WARNING - Outdated history for pair ETH/USDT:USDT. Last tick is 7 minutes old
2025-05-29 21:07:09,023 - freqtrade.strategy.interface - WARNING - Outdated history for pair ETH/USDT:USDT. Last tick is 7 minutes old
2025-05-29 21:07:11,021 - freqtrade.strategy.interface - WARNING - Outdated history for pair ETH/USDT:USDT. Last tick is 7 minutes old
2025-05-29 21:07:12,021 - freqtrade.strategy.interface - WARNING - Outdated history for pair ETH/USDT:USDT. Last tick is 7 minutes old
2025-05-29 21:07:13,022 - freqtrade.strategy.interface - WARNING - Outdated history for pair ETH/USDT:USDT. Last tick is 7 minutes old
2025-05-29 21:07:14,022 - freqtrade.strategy.interface - WARNING - Outdated history for pair ETH/USDT:USDT. Last tick is 7 minutes old
2025-05-29 21:07:16,020 - freqtrade.strategy.interface - WARNING - Outdated history for pair ETH/USDT:USDT. Last tick is 7 minutes old
2025-05-29 21:07:17,021 - freqtrade.strategy.interface - WARNING - Outdated history for pair ETH/USDT:USDT. Last tick is 7 minutes old
2025-05-29 21:07:18,022 - freqtrade.strategy.interface - WARNING - Outdated history for pair ETH/USDT:USDT. Last tick is 7 minutes old
2025-05-29 21:07:19,023 - freqtrade.strategy.interface - WARNING - Outdated history for pair ETH/USDT:USDT. Last tick is 7 minutes old
2025-05-29 21:07:21,021 - freqtrade.strategy.interface - WARNING - Outdated history for pair ETH/USDT:USDT. Last tick is 7 minutes old
2025-05-29 21:07:22,021 - freqtrade.strategy.interface - WARNING - Outdated history for pair ETH/USDT:USDT. Last tick is 7 minutes old
2025-05-29 21:07:23,021 - freqtrade.strategy.interface - WARNING - Outdated history for pair ETH/USDT:USDT. Last tick is 7 minutes old
2025-05-29 21:07:24,021 - freqtrade.strategy.interface - WARNING - Outdated history for pair ETH/USDT:USDT. Last tick is 7 minutes old
2025-05-29 21:07:26,023 - freqtrade.strategy.interface - WARNING - Outdated history for pair ETH/USDT:USDT. Last tick is 7 minutes old
2025-05-29 21:07:27,024 - Test5sStrategy - INFO - 🔧 POPULATE_INDICATORS called for ETH/USDT:USDT with 500 candles
2025-05-29 21:07:27,025 - Test5sStrategy - INFO - 🔧 POPULATE_ENTRY_TREND called for ETH/USDT:USDT with 500 candles
2025-05-29 21:07:27,028 - Test5sStrategy - INFO - 🎯 SIGNAL CHECK for ETH/USDT:USDT
2025-05-29 21:07:27,028 - Test5sStrategy - INFO -    Latest candle date: 2025-05-29 21:07:20+00:00
2025-05-29 21:07:27,029 - Test5sStrategy - INFO -    Latest enter_long value: True
2025-05-29 21:07:27,029 - Test5sStrategy - INFO -    Latest volume: 156.967
2025-05-29 21:07:27,029 - Test5sStrategy - INFO -    Previous 2 volume sum: 85.239
2025-05-29 21:07:27,030 - Test5sStrategy - INFO - 🎯 NEW ENTRY SIGNAL for ETH/USDT:USDT
2025-05-29 21:07:27,030 - Test5sStrategy - INFO -    💹 Current vol=157, prev_sum=85, ratio=1.84x
2025-05-29 21:07:27,031 - Test5sStrategy - INFO - 🔧 POPULATE_EXIT_TREND called for ETH/USDT:USDT with 500 candles
2025-05-29 21:07:27,033 - Test5sStrategy - DEBUG - 📉 114 historical exit signals (not actionable)
2025-05-29 21:07:27,038 - freqtrade.strategy.interface - WARNING - Outdated history for pair ETH/USDT:USDT. Last tick is 7 minutes old
2025-05-29 21:07:28,021 - freqtrade.strategy.interface - WARNING - Outdated history for pair ETH/USDT:USDT. Last tick is 7 minutes old
2025-05-29 21:07:29,022 - freqtrade.strategy.interface - WARNING - Outdated history for pair ETH/USDT:USDT. Last tick is 7 minutes old
2025-05-29 21:07:31,021 - freqtrade.strategy.interface - WARNING - Outdated history for pair ETH/USDT:USDT. Last tick is 7 minutes old
2025-05-29 21:07:32,024 - Test5sStrategy - INFO - 🔧 POPULATE_INDICATORS called for ETH/USDT:USDT with 500 candles
2025-05-29 21:07:32,025 - Test5sStrategy - INFO - 🔧 POPULATE_ENTRY_TREND called for ETH/USDT:USDT with 500 candles
2025-05-29 21:07:32,028 - Test5sStrategy - INFO - 🎯 SIGNAL CHECK for ETH/USDT:USDT
2025-05-29 21:07:32,028 - Test5sStrategy - INFO -    Latest candle date: 2025-05-29 21:07:25+00:00
2025-05-29 21:07:32,029 - Test5sStrategy - INFO -    Latest enter_long value: False
2025-05-29 21:07:32,029 - Test5sStrategy - INFO -    Latest volume: 13.197
2025-05-29 21:07:32,030 - Test5sStrategy - INFO -    Previous 2 volume sum: 209.627
2025-05-29 21:07:32,030 - Test5sStrategy - DEBUG - 📈 78 historical signals (not actionable)
2025-05-29 21:07:32,031 - Test5sStrategy - INFO - 🔧 POPULATE_EXIT_TREND called for ETH/USDT:USDT with 500 candles
2025-05-29 21:07:32,033 - Test5sStrategy - INFO - 🎯 NEW EXIT SIGNAL for ETH/USDT:USDT
2025-05-29 21:07:32,034 - Test5sStrategy - INFO -    📉 Current vol=13, prev vol=157, ratio=0.08x
2025-05-29 21:07:32,038 - freqtrade.strategy.interface - WARNING - Outdated history for pair ETH/USDT:USDT. Last tick is 7 minutes old
2025-05-29 21:07:33,021 - freqtrade.strategy.interface - WARNING - Outdated history for pair ETH/USDT:USDT. Last tick is 7 minutes old
2025-05-29 21:07:34,022 - freqtrade.strategy.interface - WARNING - Outdated history for pair ETH/USDT:USDT. Last tick is 7 minutes old
2025-05-29 21:07:36,022 - freqtrade.strategy.interface - WARNING - Outdated history for pair ETH/USDT:USDT. Last tick is 7 minutes old
2025-05-29 21:07:37,024 - Test5sStrategy - INFO - 🔧 POPULATE_INDICATORS called for ETH/USDT:USDT with 500 candles
2025-05-29 21:07:37,025 - Test5sStrategy - INFO - 🔧 POPULATE_ENTRY_TREND called for ETH/USDT:USDT with 500 candles
2025-05-29 21:07:37,028 - Test5sStrategy - INFO - 🎯 SIGNAL CHECK for ETH/USDT:USDT
2025-05-29 21:07:37,033 - Test5sStrategy - INFO -    Latest candle date: 2025-05-29 21:07:30+00:00
2025-05-29 21:07:37,034 - Test5sStrategy - INFO -    Latest enter_long value: False
2025-05-29 21:07:37,034 - Test5sStrategy - INFO -    Latest volume: 139.104
2025-05-29 21:07:37,035 - Test5sStrategy - INFO -    Previous 2 volume sum: 170.16400000000002
2025-05-29 21:07:37,035 - Test5sStrategy - DEBUG - 📈 78 historical signals (not actionable)
2025-05-29 21:07:37,036 - Test5sStrategy - INFO - 🔧 POPULATE_EXIT_TREND called for ETH/USDT:USDT with 500 candles
2025-05-29 21:07:37,038 - Test5sStrategy - DEBUG - 📉 113 historical exit signals (not actionable)
2025-05-29 21:07:37,043 - freqtrade.strategy.interface - WARNING - Outdated history for pair ETH/USDT:USDT. Last tick is 7 minutes old
2025-05-29 21:07:38,021 - freqtrade.strategy.interface - WARNING - Outdated history for pair ETH/USDT:USDT. Last tick is 7 minutes old
2025-05-29 21:07:39,021 - freqtrade.strategy.interface - WARNING - Outdated history for pair ETH/USDT:USDT. Last tick is 7 minutes old
2025-05-29 21:07:41,020 - freqtrade.strategy.interface - WARNING - Outdated history for pair ETH/USDT:USDT. Last tick is 7 minutes old
2025-05-29 21:07:42,025 - Test5sStrategy - INFO - 🔧 POPULATE_INDICATORS called for ETH/USDT:USDT with 500 candles
2025-05-29 21:07:42,026 - Test5sStrategy - INFO - 🔧 POPULATE_ENTRY_TREND called for ETH/USDT:USDT with 500 candles
2025-05-29 21:07:42,029 - Test5sStrategy - INFO - 🎯 SIGNAL CHECK for ETH/USDT:USDT
2025-05-29 21:07:42,030 - Test5sStrategy - INFO -    Latest candle date: 2025-05-29 21:07:35+00:00
2025-05-29 21:07:42,031 - Test5sStrategy - INFO -    Latest enter_long value: False
2025-05-29 21:07:42,031 - Test5sStrategy - INFO -    Latest volume: 11.317
2025-05-29 21:07:42,032 - Test5sStrategy - INFO -    Previous 2 volume sum: 152.30100000000002
2025-05-29 21:07:42,033 - Test5sStrategy - DEBUG - 📈 78 historical signals (not actionable)
2025-05-29 21:07:42,034 - Test5sStrategy - INFO - 🔧 POPULATE_EXIT_TREND called for ETH/USDT:USDT with 500 candles
2025-05-29 21:07:42,037 - Test5sStrategy - INFO - 🎯 NEW EXIT SIGNAL for ETH/USDT:USDT
2025-05-29 21:07:42,038 - Test5sStrategy - INFO -    📉 Current vol=11, prev vol=139, ratio=0.08x
2025-05-29 21:07:42,043 - freqtrade.strategy.interface - WARNING - Outdated history for pair ETH/USDT:USDT. Last tick is 7 minutes old
2025-05-29 21:07:43,022 - freqtrade.strategy.interface - WARNING - Outdated history for pair ETH/USDT:USDT. Last tick is 7 minutes old
2025-05-29 21:07:44,019 - freqtrade.strategy.interface - WARNING - Outdated history for pair ETH/USDT:USDT. Last tick is 7 minutes old
2025-05-29 21:07:46,019 - freqtrade.strategy.interface - WARNING - Outdated history for pair ETH/USDT:USDT. Last tick is 7 minutes old
2025-05-29 21:07:46,966 - freqtrade.commands.trade_commands - INFO - worker found ... calling exit
2025-05-29 21:07:46,967 - freqtrade.rpc.rpc_manager - INFO - Sending rpc message: {'type': status, 'status': 'process died'}
2025-05-29 21:07:46,967 - freqtrade.freqtradebot - INFO - Cleaning up modules ...
2025-05-29 21:07:46,969 - freqtrade.rpc.rpc_manager - INFO - Cleaning up rpc modules ...
2025-05-29 21:07:47,221 - freqtrade - INFO - SIGINT received, aborting ...
